-------------------------------------------------------------------------------
Test set: com.enation.app.shop.test.admin.SubjectAddTest
-------------------------------------------------------------------------------
Tests run: 1, Failures: 0, Errors: 1, Skipped: 0, Time elapsed: 0.002 sec <<< FAILURE! - in com.enation.app.shop.test.admin.SubjectAddTest
subjectAddTest(com.enation.app.shop.test.admin.SubjectAddTest)  Time elapsed: 0.002 sec  <<< ERROR!
java.lang.NoSuchMethodError: javax.servlet.http.HttpServletResponse.setCharacterEncoding(Ljava/lang/String;)V

