-------------------------------------------------------------------------------
Test set: com.enation.app.shop.test.admin.SubjectIsdisplayTest
-------------------------------------------------------------------------------
Tests run: 1, Failures: 0, Errors: 1, Skipped: 0, Time elapsed: 0 sec <<< FAILURE! - in com.enation.app.shop.test.admin.SubjectIsdisplayTest
subjectAddTest(com.enation.app.shop.test.admin.SubjectIsdisplayTest)  Time elapsed: 0 sec  <<< ERROR!
java.lang.NoSuchMethodError: javax.servlet.http.HttpServletResponse.setCharacterEncoding(Ljava/lang/String;)V

