-------------------------------------------------------------------------------
Test set: com.enation.app.shop.test.MemberInfoUpdateTest
-------------------------------------------------------------------------------
Tests run: 2, Failures: 0, Errors: 2, Skipped: 0, Time elapsed: 0 sec <<< FAILURE! - in com.enation.app.shop.test.MemberInfoUpdateTest
memberInfoNologionTest(com.enation.app.shop.test.MemberInfoUpdateTest)  Time elapsed: 0 sec  <<< ERROR!
java.lang.NoSuchMethodError: javax.servlet.http.HttpServletResponse.setCharacterEncoding(Ljava/lang/String;)V

memberInfoLogionTest(com.enation.app.shop.test.MemberInfoUpdateTest)  Time elapsed: 0 sec  <<< ERROR!
java.lang.NoSuchMethodError: javax.servlet.http.HttpServletResponse.setCharacterEncoding(Ljava/lang/String;)V

