-------------------------------------------------------------------------------
Test set: com.enation.app.shop.test.ActivityGiftOrderFlowTest
-------------------------------------------------------------------------------
Tests run: 2, Failures: 0, Errors: 2, Skipped: 0, Time elapsed: 0.002 sec <<< FAILURE! - in com.enation.app.shop.test.ActivityGiftOrderFlowTest
testBase(com.enation.app.shop.test.ActivityGiftOrderFlowTest)  Time elapsed: 0.002 sec  <<< ERROR!
java.lang.NoSuchMethodError: javax.servlet.http.HttpServletResponse.setCharacterEncoding(Ljava/lang/String;)V

testActivity(com.enation.app.shop.test.ActivityGiftOrderFlowTest)  Time elapsed: 0 sec  <<< ERROR!
java.lang.NoSuchMethodError: javax.servlet.http.HttpServletResponse.setCharacterEncoding(Ljava/lang/String;)V

