-------------------------------------------------------------------------------
Test set: com.enation.app.shop.test.ShipOrderFlowTest
-------------------------------------------------------------------------------
Tests run: 2, Failures: 0, Errors: 2, Skipped: 0, Time elapsed: 0.006 sec <<< FAILURE! - in com.enation.app.shop.test.ShipOrderFlowTest
testBase(com.enation.app.shop.test.ShipOrderFlowTest)  Time elapsed: 0 sec  <<< ERROR!
java.lang.NoSuchMethodError: javax.servlet.http.HttpServletResponse.setCharacterEncoding(Ljava/lang/String;)V

testAdminLogin(com.enation.app.shop.test.ShipOrderFlowTest)  Time elapsed: 0.006 sec  <<< ERROR!
java.lang.NoSuchMethodError: javax.servlet.http.HttpServletResponse.setCharacterEncoding(Ljava/lang/String;)V

