-------------------------------------------------------------------------------
Test set: com.enation.app.shop.test.OrderMemberCommentTest
-------------------------------------------------------------------------------
Tests run: 1, Failures: 0, Errors: 1, Skipped: 0, Time elapsed: 0.006 sec <<< FAILURE! - in com.enation.app.shop.test.OrderMemberCommentTest
orderCommentTest(com.enation.app.shop.test.OrderMemberCommentTest)  Time elapsed: 0.006 sec  <<< ERROR!
java.lang.NoSuchMethodError: javax.servlet.http.HttpServletResponse.setCharacterEncoding(Ljava/lang/String;)V

