-------------------------------------------------------------------------------
Test set: com.enation.app.shop.test.ActivityNonGiftOrderTest
-------------------------------------------------------------------------------
Tests run: 1, Failures: 0, Errors: 1, Skipped: 0, Time elapsed: 0.001 sec <<< FAILURE! - in com.enation.app.shop.test.ActivityNonGiftOrderTest
testActivity(com.enation.app.shop.test.ActivityNonGiftOrderTest)  Time elapsed: 0.001 sec  <<< ERROR!
java.lang.NoSuchMethodError: javax.servlet.http.HttpServletResponse.setCharacterEncoding(Ljava/lang/String;)V

