-------------------------------------------------------------------------------
Test set: com.enation.app.base.test.XmlDataOperationTest
-------------------------------------------------------------------------------
Tests run: 1, Failures: 0, Errors: 1, Skipped: 0, Time elapsed: 0 sec <<< FAILURE! - in com.enation.app.base.test.XmlDataOperationTest
test(com.enation.app.base.test.XmlDataOperationTest)  Time elapsed: 0 sec  <<< ERROR!
java.lang.NoSuchMethodError: javax.servlet.http.HttpServletResponse.setCharacterEncoding(Ljava/lang/String;)V

