-------------------------------------------------------------------------------
Test set: com.enation.app.shop.test.ActivityBounsOrderFlowTest
-------------------------------------------------------------------------------
Tests run: 2, Failures: 0, Errors: 2, Skipped: 0, Time elapsed: 0.005 sec <<< FAILURE! - in com.enation.app.shop.test.ActivityBounsOrderFlowTest
testBase(com.enation.app.shop.test.ActivityBounsOrderFlowTest)  Time elapsed: 0 sec  <<< ERROR!
java.lang.NoSuchMethodError: javax.servlet.http.HttpServletResponse.setCharacterEncoding(Ljava/lang/String;)V

testActivity(com.enation.app.shop.test.ActivityBounsOrderFlowTest)  Time elapsed: 0.005 sec  <<< ERROR!
java.lang.NoSuchMethodError: javax.servlet.http.HttpServletResponse.setCharacterEncoding(Ljava/lang/String;)V

