-------------------------------------------------------------------------------
Test set: com.enation.app.shop.test.admin.FloorEditTest
-------------------------------------------------------------------------------
Tests run: 2, Failures: 0, Errors: 2, Skipped: 0, Time elapsed: 0.002 sec <<< FAILURE! - in com.enation.app.shop.test.admin.FloorEditTest
floorChildEditTest(com.enation.app.shop.test.admin.FloorEditTest)  Time elapsed: 0.002 sec  <<< ERROR!
java.lang.NoSuchMethodError: javax.servlet.http.HttpServletResponse.setCharacterEncoding(Ljava/lang/String;)V

floorParentEditTest(com.enation.app.shop.test.admin.FloorEditTest)  Time elapsed: 0 sec  <<< ERROR!
java.lang.NoSuchMethodError: javax.servlet.http.HttpServletResponse.setCharacterEncoding(Ljava/lang/String;)V

