<?xml version="1.0" encoding="UTF-8"?>
<testsuite xmlns:xsi="http://www.w3.org/2001/XMLSchema-instance" xsi:schemaLocation="https://maven.apache.org/surefire/maven-surefire-plugin/xsd/surefire-test-report.xsd" name="com.enation.app.base.test.AInstallTest" time="8.936" tests="1" errors="1" skipped="0" failures="0">
  <properties>
[...]
</properties>
  <testcase name="test" classname="com.enation.app.base.test.AInstallTest" time="0.367">
    <error message="javax.servlet.http.HttpServletResponse.setCharacterEncoding(Ljava/lang/String;)V" type="java.lang.NoSuchMethodError">java.lang.NoSuchMethodError: javax.servlet.http.HttpServletResponse.setCharacterEncoding(Ljava/lang/String;)V
</error>
    <system-out><![CDATA[[21:00:27|INFO |(org.springframework.test.context.web.WebTestContextBootstrapper)]=[Loaded default TestExecutionListener class names from location [META-INF/spring.factories]: [org.springframework.test.context.web.ServletTestExecutionListener, org.springframework.test.context.support.DirtiesContextBeforeModesTestExecutionListener, org.springframework.test.context.support.DependencyInjectionTestExecutionListener, org.springframework.test.context.support.DirtiesContextTestExecutionListener, org.springframework.test.context.transaction.TransactionalTestExecutionListener, org.springframework.test.context.jdbc.SqlScriptsTestExecutionListener]]
[21:00:27|INFO |(org.springframework.test.context.web.WebTestContextBootstrapper)]=[Using TestExecutionListeners: [org.springframework.test.context.web.ServletTestExecutionListener@4fcd19b3, org.springframework.test.context.support.DirtiesContextBeforeModesTestExecutionListener@376b4233, org.springframework.test.context.support.DependencyInjectionTestExecutionListener@2fd66ad3, org.springframework.test.context.support.DirtiesContextTestExecutionListener@5d11346a, org.springframework.test.context.transaction.TransactionalTestExecutionListener@7a36aefa, org.springframework.test.context.jdbc.SqlScriptsTestExecutionListener@17211155]]
read from  /F:/workspaces/IntelliJ_IDEA/Javashop-B2C/javashop/b2c/src/main/webapp/config/jdbc.properties
write to /F:/workspaces/IntelliJ_IDEA/Javashop-B2C/javashop/b2c/src/main/webapp/config/eop.properties
[21:00:27|INFO |(org.springframework.beans.factory.xml.XmlBeanDefinitionReader)]=[Loading XML bean definitions from file [F:\workspaces\IntelliJ_IDEA\Javashop-B2C\javashop\b2c\target\classes\spring_cfg\application-shiro.xml]]
[21:00:27|INFO |(org.springframework.beans.factory.xml.XmlBeanDefinitionReader)]=[Loading XML bean definitions from file [F:\workspaces\IntelliJ_IDEA\Javashop-B2C\javashop\b2c\target\classes\spring_cfg\ApplicationContext-mq.xml]]
[21:00:27|INFO |(org.springframework.beans.factory.xml.XmlBeanDefinitionReader)]=[Loading XML bean definitions from file [F:\workspaces\IntelliJ_IDEA\Javashop-B2C\javashop\b2c\target\classes\spring_cfg\dataAccessContext-jdbc.xml]]
[21:00:28|INFO |(org.springframework.beans.factory.xml.XmlBeanDefinitionReader)]=[Loading XML bean definitions from file [F:\workspaces\IntelliJ_IDEA\Javashop-B2C\javashop\b2c\target\classes\spring_cfg\spring-mvc-temp.xml]]
[21:00:28|INFO |(org.springframework.beans.factory.xml.XmlBeanDefinitionReader)]=[Loading XML bean definitions from file [F:\workspaces\IntelliJ_IDEA\Javashop-B2C\javashop\b2c\target\classes\spring_cfg\spring-mvc.xml]]
[21:00:28|INFO |(org.springframework.beans.factory.xml.XmlBeanDefinitionReader)]=[Loading XML bean definitions from file [F:\workspaces\IntelliJ_IDEA\Javashop-B2C\javashop\b2c\target\classes\spring_cfg\timerContext.xml]]
[21:00:28|INFO |(org.springframework.web.context.support.GenericWebApplicationContext)]=[Refreshing org.springframework.web.context.support.GenericWebApplicationContext@166fa74d: startup date [Sat Apr 21 21:00:28 CST 2018]; root of context hierarchy]
[21:00:29|INFO |(org.springframework.beans.factory.config.PropertyPlaceholderConfigurer)]=[Loading properties file from ServletContext resource [/config/jdbc.properties]]
[21:00:29|INFO |(org.hibernate.validator.internal.util.Version)]=[HV000001: Hibernate Validator 5.0.2.Final]
[21:00:30|INFO |(org.springframework.context.support.PostProcessorRegistrationDelegate$BeanPostProcessorChecker)]=[Bean 'sessionManager' of type [class org.apache.shiro.web.session.mgt.DefaultWebSessionManager] is not eligible for getting processed by all BeanPostProcessors (for example: not eligible for auto-proxying)]
[21:00:30|INFO |(org.springframework.context.support.PostProcessorRegistrationDelegate$BeanPostProcessorChecker)]=[Bean 'shiroRealm' of type [class com.enation.app.base.security.ShiroRealm] is not eligible for getting processed by all BeanPostProcessors (for example: not eligible for auto-proxying)]
[21:00:30|WARN |(org.apache.shiro.web.mgt.DefaultWebSecurityManager)]=[The 'sessionMode' property has been deprecated.  Please configure an appropriate WebSessionManager instance instead of using this property.  This property/method will be removed in a later version.]
[21:00:30|INFO |(org.apache.shiro.web.mgt.DefaultWebSecurityManager)]=[http mode - enabling ServletContainerSessionManager (HTTP-only Sessions)]
[21:00:30|INFO |(org.springframework.context.support.PostProcessorRegistrationDelegate$BeanPostProcessorChecker)]=[Bean 'securityManager' of type [class org.apache.shiro.web.mgt.DefaultWebSecurityManager] is not eligible for getting processed by all BeanPostProcessors (for example: not eligible for auto-proxying)]
[21:00:30|INFO |(com.mchange.v2.log.MLog)]=[MLog clients using log4j logging.]
[21:00:30|INFO |(com.mchange.v2.c3p0.C3P0Registry)]=[Initializing c3p0-0.9.1.2 [built 21-May-2007 15:04:56; debug? true; trace: 10]]
[21:00:30|INFO |(org.springframework.context.support.PostProcessorRegistrationDelegate$BeanPostProcessorChecker)]=[Bean 'dataSource' of type [class com.mchange.v2.c3p0.ComboPooledDataSource] is not eligible for getting processed by all BeanPostProcessors (for example: not eligible for auto-proxying)]
[21:00:30|INFO |(org.springframework.context.support.PostProcessorRegistrationDelegate$BeanPostProcessorChecker)]=[Bean 'jdbcTemplate' of type [class com.enation.framework.database.impl.LowerCaseJdbcTemplate] is not eligible for getting processed by all BeanPostProcessors (for example: not eligible for auto-proxying)]
[21:00:30|INFO |(org.springframework.context.support.PostProcessorRegistrationDelegate$BeanPostProcessorChecker)]=[Bean 'daoSupport' of type [class com.enation.framework.database.impl.JdbcDaoSupport] is not eligible for getting processed by all BeanPostProcessors (for example: not eligible for auto-proxying)]
[21:00:30|INFO |(org.springframework.context.support.PostProcessorRegistrationDelegate$BeanPostProcessorChecker)]=[Bean 'permissionManager' of type [class com.enation.app.base.core.service.auth.impl.PermissionManager] is not eligible for getting processed by all BeanPostProcessors (for example: not eligible for auto-proxying)]
[21:00:30|INFO |(org.springframework.context.support.PostProcessorRegistrationDelegate$BeanPostProcessorChecker)]=[Bean 'authActionManager' of type [class com.enation.app.base.core.service.auth.impl.AuthActionManager] is not eligible for getting processed by all BeanPostProcessors (for example: not eligible for auto-proxying)]
[21:00:30|INFO |(org.springframework.context.support.PostProcessorRegistrationDelegate$BeanPostProcessorChecker)]=[Bean 'menuManager' of type [class com.enation.eop.resource.impl.MenuManagerImpl] is not eligible for getting processed by all BeanPostProcessors (for example: not eligible for auto-proxying)]
[21:00:30|INFO |(org.springframework.context.support.PostProcessorRegistrationDelegate$BeanPostProcessorChecker)]=[Bean 'com.enation.app.base.security.AuthFilter#4fb3ee4e' of type [class com.enation.app.base.security.AuthFilter] is not eligible for getting processed by all BeanPostProcessors (for example: not eligible for auto-proxying)]
[21:00:30|INFO |(org.springframework.context.support.PostProcessorRegistrationDelegate$BeanPostProcessorChecker)]=[Bean 'extensibleFilterChainDefinitions' of type [class com.enation.app.base.security.domain.ExtensibleFilterChainDefinitions] is not eligible for getting processed by all BeanPostProcessors (for example: not eligible for auto-proxying)]
[21:00:30|INFO |(org.springframework.context.support.PostProcessorRegistrationDelegate$BeanPostProcessorChecker)]=[Bean 'extensibleFilterChainDefinitions' of type [class java.lang.String] is not eligible for getting processed by all BeanPostProcessors (for example: not eligible for auto-proxying)]
[21:00:31|INFO |(org.apache.activemq.broker.BrokerService)]=[Using Persistence Adapter: MemoryPersistenceAdapter]
[21:00:31|INFO |(org.apache.activemq.broker.BrokerService)]=[Apache ActiveMQ 5.7.0 (localhost, ID:DESKTOP-D0L534J-7749-1524315631064-0:1) is starting]
[21:00:31|INFO |(org.apache.activemq.transport.TransportServerThreadSupport)]=[Listening for connections at: tcp://127.0.0.1:7750]
[21:00:31|INFO |(org.apache.activemq.broker.TransportConnector)]=[Connector tcp://localhost:0 Started]
[21:00:31|INFO |(org.apache.activemq.broker.BrokerService)]=[Apache ActiveMQ 5.7.0 (localhost, ID:DESKTOP-D0L534J-7749-1524315631064-0:1) started]
[21:00:31|INFO |(org.apache.activemq.broker.BrokerService)]=[For help or more information please see: http://activemq.apache.org]
[21:00:34|INFO |(org.springframework.web.servlet.view.freemarker.FreeMarkerConfigurer)]=[ClassTemplateLoader for Spring macros added to FreeMarker configuration]
[21:00:34|INFO |(org.springframework.web.servlet.mvc.method.annotation.RequestMappingHandlerMapping)]=[Mapped "{[/core/admin/adColumn/add]}" onto public java.lang.String com.enation.app.base.core.action.AdColumnController.add()]
[21:00:34|INFO |(org.springframework.web.servlet.mvc.method.annotation.RequestMappingHandlerMapping)]=[Mapped "{[/core/admin/adColumn/delete]}" onto public com.enation.framework.action.JsonResult com.enation.app.base.core.action.AdColumnController.delete(java.lang.Integer[])]
[21:00:34|INFO |(org.springframework.web.servlet.mvc.method.annotation.RequestMappingHandlerMapping)]=[Mapped "{[/core/admin/adColumn/list]}" onto public org.springframework.web.servlet.ModelAndView com.enation.app.base.core.action.AdColumnController.list()]
[21:00:34|INFO |(org.springframework.web.servlet.mvc.method.annotation.RequestMappingHandlerMapping)]=[Mapped "{[/core/admin/adColumn/list-json]}" onto public com.enation.framework.action.GridJsonResult com.enation.app.base.core.action.AdColumnController.listJson(java.lang.String)]
[21:00:34|INFO |(org.springframework.web.servlet.mvc.method.annotation.RequestMappingHandlerMapping)]=[Mapped "{[/core/admin/adColumn/edit]}" onto public org.springframework.web.servlet.ModelAndView com.enation.app.base.core.action.AdColumnController.edit(java.lang.Long)]
[21:00:34|INFO |(org.springframework.web.servlet.mvc.method.annotation.RequestMappingHandlerMapping)]=[Mapped "{[/core/admin/adColumn/add-save]}" onto public com.enation.framework.action.JsonResult com.enation.app.base.core.action.AdColumnController.addSave(com.enation.app.base.core.model.AdColumn)]
[21:00:34|INFO |(org.springframework.web.servlet.mvc.method.annotation.RequestMappingHandlerMapping)]=[Mapped "{[/core/admin/adColumn/edit-save]}" onto public com.enation.framework.action.JsonResult com.enation.app.base.core.action.AdColumnController.editSave(com.enation.app.base.core.model.AdColumn)]
[21:00:34|INFO |(org.springframework.web.servlet.mvc.method.annotation.RequestMappingHandlerMapping)]=[Mapped "{[/core/admin/admin-user/login]}" onto public com.enation.framework.action.JsonResult com.enation.app.base.core.action.AdminUserController.login(java.lang.String,java.lang.String,java.lang.String,java.lang.String)]
[21:00:34|INFO |(org.springframework.web.servlet.mvc.method.annotation.RequestMappingHandlerMapping)]=[Mapped "{[/core/admin/admin-user/logout]}" onto public com.enation.framework.action.JsonResult com.enation.app.base.core.action.AdminUserController.logout()]
[21:00:34|INFO |(org.springframework.web.servlet.mvc.method.annotation.RequestMappingHandlerMapping)]=[Mapped "{[/core/admin/adv/add]}" onto public org.springframework.web.servlet.ModelAndView com.enation.app.base.core.action.AdvController.add()]
[21:00:34|INFO |(org.springframework.web.servlet.mvc.method.annotation.RequestMappingHandlerMapping)]=[Mapped "{[/core/admin/adv/delete]}" onto public com.enation.framework.action.JsonResult com.enation.app.base.core.action.AdvController.delete(java.lang.Integer[])]
[21:00:34|INFO |(org.springframework.web.servlet.mvc.method.annotation.RequestMappingHandlerMapping)]=[Mapped "{[/core/admin/adv/start]}" onto public com.enation.framework.action.JsonResult com.enation.app.base.core.action.AdvController.start(com.enation.app.base.core.model.Adv,java.lang.Long)]
[21:00:34|INFO |(org.springframework.web.servlet.mvc.method.annotation.RequestMappingHandlerMapping)]=[Mapped "{[/core/admin/adv/stop]}" onto public com.enation.framework.action.JsonResult com.enation.app.base.core.action.AdvController.stop(com.enation.app.base.core.model.Adv,java.lang.Long)]
[21:00:34|INFO |(org.springframework.web.servlet.mvc.method.annotation.RequestMappingHandlerMapping)]=[Mapped "{[/core/admin/adv/list]}" onto public org.springframework.web.servlet.ModelAndView com.enation.app.base.core.action.AdvController.list()]
[21:00:34|INFO |(org.springframework.web.servlet.mvc.method.annotation.RequestMappingHandlerMapping)]=[Mapped "{[/core/admin/adv/list-json]}" onto public com.enation.framework.action.GridJsonResult com.enation.app.base.core.action.AdvController.listJson(java.lang.String,java.lang.String,java.lang.Integer)]
[21:00:34|INFO |(org.springframework.web.servlet.mvc.method.annotation.RequestMappingHandlerMapping)]=[Mapped "{[/core/admin/adv/edit]}" onto public org.springframework.web.servlet.ModelAndView com.enation.app.base.core.action.AdvController.edit(com.enation.app.base.core.model.Adv,java.lang.Long,java.lang.String)]
[21:00:34|INFO |(org.springframework.web.servlet.mvc.method.annotation.RequestMappingHandlerMapping)]=[Mapped "{[/core/admin/adv/add-save]}" onto public com.enation.framework.action.JsonResult com.enation.app.base.core.action.AdvController.addSave(org.springframework.web.multipart.MultipartFile,com.enation.app.base.core.model.Adv)]
[21:00:34|INFO |(org.springframework.web.servlet.mvc.method.annotation.RequestMappingHandlerMapping)]=[Mapped "{[/core/admin/adv/tlist]}" onto public org.springframework.web.servlet.ModelAndView com.enation.app.base.core.action.AdvController.tLlist()]
[21:00:34|INFO |(org.springframework.web.servlet.mvc.method.annotation.RequestMappingHandlerMapping)]=[Mapped "{[/core/admin/adv/edit-save]}" onto public com.enation.framework.action.JsonResult com.enation.app.base.core.action.AdvController.editSave(org.springframework.web.multipart.MultipartFile,com.enation.app.base.core.model.Adv)]
[21:00:34|INFO |(org.springframework.web.servlet.mvc.method.annotation.RequestMappingHandlerMapping)]=[Mapped "{[/api/eoptest/init]}" onto public org.springframework.web.servlet.ModelAndView com.enation.app.base.core.action.api.EopTestInitController.init(javax.servlet.http.HttpServletRequest,javax.servlet.http.HttpServletResponse) throws java.io.IOException]
[21:00:34|INFO |(org.springframework.web.servlet.mvc.method.annotation.RequestMappingHandlerMapping)]=[Mapped "{[/api/base/region/get-children]}" onto public java.lang.Object com.enation.app.base.core.action.api.RegionApiController.getChildren(java.lang.Integer)]
[21:00:34|INFO |(org.springframework.web.servlet.mvc.method.annotation.RequestMappingHandlerMapping)]=[Mapped "{[/api/base/tagTestCreate]}" onto public java.lang.Object com.enation.app.base.core.action.api.TagTestCreateController.execute(java.lang.String,java.lang.String,java.lang.String)]
[21:00:34|INFO |(org.springframework.web.servlet.mvc.method.annotation.RequestMappingHandlerMapping)]=[Mapped "{[/api/base/upload-image/upload]}" onto public java.lang.Object com.enation.app.base.core.action.api.UploadImageApiController.upload(org.springframework.web.multipart.MultipartFile,java.lang.String)]
[21:00:34|INFO |(org.springframework.web.servlet.mvc.method.annotation.RequestMappingHandlerMapping)]=[Mapped "{[/api/base/upload-image/upload-image]}" onto public java.lang.Object com.enation.app.base.core.action.api.UploadImageApiController.uploadImage(org.springframework.web.multipart.MultipartFile,java.lang.String)]
[21:00:34|INFO |(org.springframework.web.servlet.mvc.method.annotation.RequestMappingHandlerMapping)]=[Mapped "{[/api/base/upload-image/upload-img]}" onto public java.lang.String com.enation.app.base.core.action.api.UploadImageApiController.uploadImg(org.springframework.web.multipart.MultipartFile)]
[21:00:34|INFO |(org.springframework.web.servlet.mvc.method.annotation.RequestMappingHandlerMapping)]=[Mapped "{[/api/base/upload-image/upload-base64]}" onto public java.lang.Object com.enation.app.base.core.action.api.UploadImageApiController.uploadBase64(int,java.lang.String,java.lang.String)]
[21:00:34|INFO |(org.springframework.web.servlet.mvc.method.annotation.RequestMappingHandlerMapping)]=[Mapped "{[/api/base/upload-image/sd],produces=[application/json]}" onto public java.lang.Object com.enation.app.base.core.action.api.UploadImageApiController.dsss()]
[21:00:34|INFO |(org.springframework.web.servlet.mvc.method.annotation.RequestMappingHandlerMapping)]=[Mapped "{[/api/base/config/get-url-config],produces=[application/json]}" onto public java.lang.String com.enation.app.base.core.action.api.UrlConfigApiAction.get()]
[21:00:34|INFO |(org.springframework.web.servlet.mvc.method.annotation.RequestMappingHandlerMapping)]=[Mapped "{[/api/validcode/create]}" onto public org.springframework.web.servlet.ModelAndView com.enation.app.base.core.action.api.ValidCodeController.create(javax.servlet.http.HttpServletRequest,javax.servlet.http.HttpServletResponse) throws java.io.IOException]
[21:00:34|INFO |(org.springframework.web.servlet.mvc.method.annotation.RequestMappingHandlerMapping)]=[Mapped "{[/core/admin/auth/add]}" onto public org.springframework.web.servlet.ModelAndView com.enation.app.base.core.action.AuthController.add()]
[21:00:34|INFO |(org.springframework.web.servlet.mvc.method.annotation.RequestMappingHandlerMapping)]=[Mapped "{[/core/admin/auth/delete]}" onto public com.enation.framework.action.JsonResult com.enation.app.base.core.action.AuthController.delete(int)]
[21:00:34|INFO |(org.springframework.web.servlet.mvc.method.annotation.RequestMappingHandlerMapping)]=[Mapped "{[/core/admin/auth/list]}" onto public java.lang.String com.enation.app.base.core.action.AuthController.list()]
[21:00:34|INFO |(org.springframework.web.servlet.mvc.method.annotation.RequestMappingHandlerMapping)]=[Mapped "{[/core/admin/auth/list-json]}" onto public com.enation.framework.action.GridJsonResult com.enation.app.base.core.action.AuthController.listJson()]
[21:00:34|INFO |(org.springframework.web.servlet.mvc.method.annotation.RequestMappingHandlerMapping)]=[Mapped "{[/core/admin/auth/edit]}" onto public org.springframework.web.servlet.ModelAndView com.enation.app.base.core.action.AuthController.edit(int)]
[21:00:34|INFO |(org.springframework.web.servlet.mvc.method.annotation.RequestMappingHandlerMapping)]=[Mapped "{[/core/admin/auth/save-add]}" onto public com.enation.framework.action.JsonResult com.enation.app.base.core.action.AuthController.saveAdd(java.lang.String,java.lang.String)]
[21:00:34|INFO |(org.springframework.web.servlet.mvc.method.annotation.RequestMappingHandlerMapping)]=[Mapped "{[/core/admin/auth/save-edit]}" onto public com.enation.framework.action.JsonResult com.enation.app.base.core.action.AuthController.saveEdit(java.lang.String,java.lang.Integer,java.lang.Integer,java.lang.String)]
[21:00:34|INFO |(org.springframework.web.servlet.mvc.method.annotation.RequestMappingHandlerMapping)]=[Mapped "{[/admin/main]}" onto public org.springframework.web.servlet.ModelAndView com.enation.app.base.core.action.BackendUiController.main()]
[21:00:34|INFO |(org.springframework.web.servlet.mvc.method.annotation.RequestMappingHandlerMapping)]=[Mapped "{[/admin/login]}" onto public org.springframework.web.servlet.ModelAndView com.enation.app.base.core.action.BackendUiController.login(java.lang.String)]
[21:00:34|INFO |(org.springframework.web.servlet.mvc.method.annotation.RequestMappingHandlerMapping)]=[Mapped "{[/admin/permission-denied]}" onto public org.springframework.web.servlet.ModelAndView com.enation.app.base.core.action.BackendUiController.PermissionDenied(java.lang.String)]
[21:00:34|INFO |(org.springframework.web.servlet.mvc.method.annotation.RequestMappingHandlerMapping)]=[Mapped "{[/admin/{errorPage}],methods=[GET]}" onto public java.lang.String com.enation.app.base.core.action.BackendUiController.getLogin(java.lang.String)]
[21:00:34|INFO |(org.springframework.web.servlet.mvc.method.annotation.RequestMappingHandlerMapping)]=[Mapped "{[/core/admin/indexItem/base]}" onto public org.springframework.web.servlet.ModelAndView com.enation.app.base.core.action.BaseIndexItemController.base()]
[21:00:34|INFO |(org.springframework.web.servlet.mvc.method.annotation.RequestMappingHandlerMapping)]=[Mapped "{[/core/admin/setting/check-component/exist]}" onto public com.enation.framework.action.JsonResult com.enation.app.base.core.action.CheckComponentController.exist(java.lang.String)]
[21:00:34|INFO |(org.springframework.web.servlet.mvc.method.annotation.RequestMappingHandlerMapping)]=[Mapped "{[/core/admin/component/start]}" onto public com.enation.framework.action.JsonResult com.enation.app.base.core.action.ComponentController.start(java.lang.String)]
[21:00:34|INFO |(org.springframework.web.servlet.mvc.method.annotation.RequestMappingHandlerMapping)]=[Mapped "{[/core/admin/component/stop]}" onto public com.enation.framework.action.JsonResult com.enation.app.base.core.action.ComponentController.stop(java.lang.String)]
[21:00:34|INFO |(org.springframework.web.servlet.mvc.method.annotation.RequestMappingHandlerMapping)]=[Mapped "{[/core/admin/component/list]}" onto public java.lang.String com.enation.app.base.core.action.ComponentController.list()]
[21:00:34|INFO |(org.springframework.web.servlet.mvc.method.annotation.RequestMappingHandlerMapping)]=[Mapped "{[/core/admin/component/install]}" onto public com.enation.framework.action.JsonResult com.enation.app.base.core.action.ComponentController.install(java.lang.String)]
[21:00:34|INFO |(org.springframework.web.servlet.mvc.method.annotation.RequestMappingHandlerMapping)]=[Mapped "{[/core/admin/component/un-install]}" onto public com.enation.framework.action.JsonResult com.enation.app.base.core.action.ComponentController.unInstall(java.lang.String)]
[21:00:34|INFO |(org.springframework.web.servlet.mvc.method.annotation.RequestMappingHandlerMapping)]=[Mapped "{[/core/admin/component/list-json]}" onto public com.enation.framework.action.GridJsonResult com.enation.app.base.core.action.ComponentController.listJson()]
[21:00:34|INFO |(org.springframework.web.servlet.mvc.method.annotation.RequestMappingHandlerMapping)]=[Mapped "{[/core/admin/data-export/export]}" onto public java.lang.Object com.enation.app.base.core.action.DataExportController.execute(javax.servlet.http.HttpServletRequest)]
[21:00:34|INFO |(org.springframework.web.servlet.mvc.method.annotation.RequestMappingHandlerMapping)]=[Mapped "{[/core/admin/data-export/get-input-stream]}" onto public java.io.InputStream com.enation.app.base.core.action.DataExportController.getInputStream(java.lang.String)]
[21:00:34|INFO |(org.springframework.web.servlet.mvc.method.annotation.RequestMappingHandlerMapping)]=[Mapped "{[/core/admin/data-export/do-export]}" onto public void com.enation.app.base.core.action.DataExportController.doExport(javax.servlet.http.HttpServletResponse,int) throws java.io.IOException]
[21:00:34|INFO |(org.springframework.web.servlet.mvc.method.annotation.RequestMappingHandlerMapping)]=[Mapped "{[/install/step1]}" onto public java.lang.String com.enation.app.base.core.action.EopInstallController.execute()]
[21:00:34|INFO |(org.springframework.web.servlet.mvc.method.annotation.RequestMappingHandlerMapping)]=[Mapped "{[/install/success]}" onto public org.springframework.web.servlet.ModelAndView com.enation.app.base.core.action.EopInstallController.success(java.lang.String,java.lang.String)]
[21:00:34|INFO |(org.springframework.web.servlet.mvc.method.annotation.RequestMappingHandlerMapping)]=[Mapped "{[/install/do-install]}" onto public com.enation.framework.action.JsonResult com.enation.app.base.core.action.EopInstallController.doInstall(java.lang.String,java.lang.String,java.lang.String)]
[21:00:34|INFO |(org.springframework.web.servlet.mvc.method.annotation.RequestMappingHandlerMapping)]=[Mapped "{[/install/test-connection],produces=[application/json]}" onto public com.enation.framework.action.JsonResult com.enation.app.base.core.action.EopInstallController.testConnection(com.enation.app.base.core.model.DbInstallData)]
[21:00:34|INFO |(org.springframework.web.servlet.mvc.method.annotation.RequestMappingHandlerMapping)]=[Mapped "{[/install/test-ready]}" onto public com.enation.framework.action.JsonResult com.enation.app.base.core.action.EopInstallController.testReady(java.lang.String)]
[21:00:34|INFO |(org.springframework.web.servlet.mvc.method.annotation.RequestMappingHandlerMapping)]=[Mapped "{[/install/step3]}" onto public org.springframework.web.servlet.ModelAndView com.enation.app.base.core.action.EopInstallController.step3(com.enation.app.base.core.model.DbInstallData)]
[21:00:34|INFO |(org.springframework.web.servlet.mvc.method.annotation.RequestMappingHandlerMapping)]=[Mapped "{[/install/step2]}" onto public java.lang.String com.enation.app.base.core.action.EopInstallController.step2()]
[21:00:34|INFO |(org.springframework.web.servlet.mvc.method.annotation.RequestMappingHandlerMapping)]=[Mapped "{[/core/admin/example-data-clean/info]}" onto public java.lang.String com.enation.app.base.core.action.ExampleDataCleanController.execute()]
[21:00:34|INFO |(org.springframework.web.servlet.mvc.method.annotation.RequestMappingHandlerMapping)]=[Mapped "{[/core/admin/example-data-clean/clean]}" onto public com.enation.framework.action.JsonResult com.enation.app.base.core.action.ExampleDataCleanController.clean(java.lang.String[])]
[21:00:34|INFO |(org.springframework.web.servlet.mvc.method.annotation.RequestMappingHandlerMapping)]=[Mapped "{[/core/admin/index/show]}" onto public org.springframework.web.servlet.ModelAndView com.enation.app.base.core.action.IndexController.show()]
[21:00:34|INFO |(org.springframework.web.servlet.mvc.method.annotation.RequestMappingHandlerMapping)]=[Mapped "{[/core/admin/menu/add]}" onto public org.springframework.web.servlet.ModelAndView com.enation.app.base.core.action.MenuController.add(java.lang.Integer)]
[21:00:34|INFO |(org.springframework.web.servlet.mvc.method.annotation.RequestMappingHandlerMapping)]=[Mapped "{[/core/admin/menu/delete]}" onto public com.enation.framework.action.JsonResult com.enation.app.base.core.action.MenuController.delete(java.lang.Integer)]
[21:00:34|INFO |(org.springframework.web.servlet.mvc.method.annotation.RequestMappingHandlerMapping)]=[Mapped "{[/core/admin/menu/tree]}" onto public java.lang.String com.enation.app.base.core.action.MenuController.tree()]
[21:00:34|INFO |(org.springframework.web.servlet.mvc.method.annotation.RequestMappingHandlerMapping)]=[Mapped "{[/core/admin/menu/move]}" onto public com.enation.framework.action.JsonResult com.enation.app.base.core.action.MenuController.move(java.lang.Integer,int,java.lang.String)]
[21:00:34|INFO |(org.springframework.web.servlet.mvc.method.annotation.RequestMappingHandlerMapping)]=[Mapped "{[/core/admin/menu/json]}" onto public java.util.List com.enation.app.base.core.action.MenuController.json()]
[21:00:34|INFO |(org.springframework.web.servlet.mvc.method.annotation.RequestMappingHandlerMapping)]=[Mapped "{[/core/admin/menu/edit]}" onto public org.springframework.web.servlet.ModelAndView com.enation.app.base.core.action.MenuController.edit(java.lang.Integer)]
[21:00:34|INFO |(org.springframework.web.servlet.mvc.method.annotation.RequestMappingHandlerMapping)]=[Mapped "{[/core/admin/menu/save-add]}" onto public com.enation.framework.action.JsonResult com.enation.app.base.core.action.MenuController.saveAdd(com.enation.eop.resource.model.Menu)]
[21:00:34|INFO |(org.springframework.web.servlet.mvc.method.annotation.RequestMappingHandlerMapping)]=[Mapped "{[/core/admin/menu/save-edit]}" onto public com.enation.framework.action.JsonResult com.enation.app.base.core.action.MenuController.saveEdit(com.enation.eop.resource.model.Menu)]
[21:00:34|INFO |(org.springframework.web.servlet.mvc.method.annotation.RequestMappingHandlerMapping)]=[Mapped "{[/core/admin/menu/get-menu-json]}" onto public java.lang.String com.enation.app.base.core.action.MenuController.getMenuJson(java.lang.Integer)]
[21:00:34|INFO |(org.springframework.web.servlet.mvc.method.annotation.RequestMappingHandlerMapping)]=[Mapped "{[/core/admin/menu/update-sort]}" onto public com.enation.framework.action.JsonResult com.enation.app.base.core.action.MenuController.updateSort(java.lang.Integer[],java.lang.Integer[])]
[21:00:34|INFO |(org.springframework.web.servlet.mvc.method.annotation.RequestMappingHandlerMapping)]=[Mapped "{[/core/admin/progress/view-progress]}" onto public java.lang.Object com.enation.app.base.core.action.ProgressController.viewProgress(java.lang.String)]
[21:00:34|INFO |(org.springframework.web.servlet.mvc.method.annotation.RequestMappingHandlerMapping)]=[Mapped "{[/core/admin/progress/has-task]}" onto public java.lang.Object com.enation.app.base.core.action.ProgressController.hasTask(java.lang.String)]
[21:00:34|INFO |(org.springframework.web.servlet.mvc.method.annotation.RequestMappingHandlerMapping)]=[Mapped "{[/core/admin/role/add]}" onto public org.springframework.web.servlet.ModelAndView com.enation.app.base.core.action.RoleController.add()]
[21:00:34|INFO |(org.springframework.web.servlet.mvc.method.annotation.RequestMappingHandlerMapping)]=[Mapped "{[/core/admin/role/delete]}" onto public com.enation.framework.action.JsonResult com.enation.app.base.core.action.RoleController.delete(int)]
[21:00:34|INFO |(org.springframework.web.servlet.mvc.method.annotation.RequestMappingHandlerMapping)]=[Mapped "{[/core/admin/role/list]}" onto public java.lang.String com.enation.app.base.core.action.RoleController.list()]
[21:00:34|INFO |(org.springframework.web.servlet.mvc.method.annotation.RequestMappingHandlerMapping)]=[Mapped "{[/core/admin/role/list-json]}" onto public com.enation.framework.action.GridJsonResult com.enation.app.base.core.action.RoleController.listJson()]
[21:00:34|INFO |(org.springframework.web.servlet.mvc.method.annotation.RequestMappingHandlerMapping)]=[Mapped "{[/core/admin/role/edit]}" onto public org.springframework.web.servlet.ModelAndView com.enation.app.base.core.action.RoleController.edit(int)]
[21:00:34|INFO |(org.springframework.web.servlet.mvc.method.annotation.RequestMappingHandlerMapping)]=[Mapped "{[/core/admin/role/save-add]}" onto public com.enation.framework.action.JsonResult com.enation.app.base.core.action.RoleController.saveAdd(com.enation.app.base.core.model.Role,int[])]
[21:00:34|INFO |(org.springframework.web.servlet.mvc.method.annotation.RequestMappingHandlerMapping)]=[Mapped "{[/core/admin/role/save-edit]}" onto public com.enation.framework.action.JsonResult com.enation.app.base.core.action.RoleController.saveEdit(com.enation.app.base.core.model.Role,int[])]
[21:00:34|INFO |(org.springframework.web.servlet.mvc.method.annotation.RequestMappingHandlerMapping)]=[Mapped "{[/core/admin/setting/save]}" onto public com.enation.framework.action.JsonResult com.enation.app.base.core.action.SettingController.save()]
[21:00:34|INFO |(org.springframework.web.servlet.mvc.method.annotation.RequestMappingHandlerMapping)]=[Mapped "{[/core/admin/setting/edit-input]}" onto public org.springframework.web.servlet.ModelAndView com.enation.app.base.core.action.SettingController.editInput()]
[21:00:34|INFO |(org.springframework.web.servlet.mvc.method.annotation.RequestMappingHandlerMapping)]=[Mapped "{[/core/admin/setting/close-prompt]}" onto public com.enation.framework.action.JsonResult com.enation.app.base.core.action.SettingController.closePrompt()]
[21:00:34|INFO |(org.springframework.web.servlet.mvc.method.annotation.RequestMappingHandlerMapping)]=[Mapped "{[/core/admin/short-msg/list-new]}" onto public com.enation.framework.action.JsonResult com.enation.app.base.core.action.ShortMsgController.listNew()]
[21:00:34|INFO |(org.springframework.web.servlet.mvc.method.annotation.RequestMappingHandlerMapping)]=[Mapped "{[/core/admin/user/siteAdminTheme/info]}" onto public org.springframework.web.servlet.ModelAndView com.enation.app.base.core.action.SiteAdminThemeController.info() throws java.lang.Exception]
[21:00:34|INFO |(org.springframework.web.servlet.mvc.method.annotation.RequestMappingHandlerMapping)]=[Mapped "{[/core/admin/site-menu/add]}" onto public org.springframework.web.servlet.ModelAndView com.enation.app.base.core.action.SiteMenuController.add()]
[21:00:34|INFO |(org.springframework.web.servlet.mvc.method.annotation.RequestMappingHandlerMapping)]=[Mapped "{[/core/admin/site-menu/delete]}" onto public com.enation.framework.action.JsonResult com.enation.app.base.core.action.SiteMenuController.delete(java.lang.Integer)]
[21:00:34|INFO |(org.springframework.web.servlet.mvc.method.annotation.RequestMappingHandlerMapping)]=[Mapped "{[/core/admin/site-menu/list]}" onto public java.lang.String com.enation.app.base.core.action.SiteMenuController.list()]
[21:00:34|INFO |(org.springframework.web.servlet.mvc.method.annotation.RequestMappingHandlerMapping)]=[Mapped "{[/core/admin/site-menu/save]}" onto public com.enation.framework.action.JsonResult com.enation.app.base.core.action.SiteMenuController.save(java.lang.Integer,com.enation.app.base.core.model.SiteMenu)]
[21:00:34|INFO |(org.springframework.web.servlet.mvc.method.annotation.RequestMappingHandlerMapping)]=[Mapped "{[/core/admin/site-menu/list-json]}" onto public com.enation.framework.action.GridJsonResult com.enation.app.base.core.action.SiteMenuController.listJson()]
[21:00:34|INFO |(org.springframework.web.servlet.mvc.method.annotation.RequestMappingHandlerMapping)]=[Mapped "{[/core/admin/site-menu/edit]}" onto public org.springframework.web.servlet.ModelAndView com.enation.app.base.core.action.SiteMenuController.edit(java.lang.Integer)]
[21:00:34|INFO |(org.springframework.web.servlet.mvc.method.annotation.RequestMappingHandlerMapping)]=[Mapped "{[/core/admin/site-menu/update-sort]}" onto public com.enation.framework.action.JsonResult com.enation.app.base.core.action.SiteMenuController.updateSort(java.lang.Integer[],java.lang.Integer[])]
[21:00:34|INFO |(org.springframework.web.servlet.mvc.method.annotation.RequestMappingHandlerMapping)]=[Mapped "{[/core/admin/site-menu/get-list-by-parentid-json]}" onto public java.lang.String com.enation.app.base.core.action.SiteMenuController.getListJson(java.lang.Integer)]
[21:00:34|INFO |(org.springframework.web.servlet.mvc.method.annotation.RequestMappingHandlerMapping)]=[Mapped "{[/core/admin/site-menu/add-children]}" onto public org.springframework.web.servlet.ModelAndView com.enation.app.base.core.action.SiteMenuController.addchildren(java.lang.Integer)]
[21:00:34|INFO |(org.springframework.web.servlet.mvc.method.annotation.RequestMappingHandlerMapping)]=[Mapped "{[/core/admin/user/siteTheme/info]}" onto public org.springframework.web.servlet.ModelAndView com.enation.app.base.core.action.SiteThemeController.info() throws java.lang.Exception]
[21:00:34|INFO |(org.springframework.web.servlet.mvc.method.annotation.RequestMappingHandlerMapping)]=[Mapped "{[/core/admin/user/siteTheme/change]}" onto public java.lang.String com.enation.app.base.core.action.SiteThemeController.change(java.lang.Integer) throws java.lang.Exception]
[21:00:34|INFO |(org.springframework.web.servlet.mvc.method.annotation.RequestMappingHandlerMapping)]=[Mapped "{[/core/admin/sms/list]}" onto public java.lang.String com.enation.app.base.core.action.SmsController.list()]
[21:00:34|INFO |(org.springframework.web.servlet.mvc.method.annotation.RequestMappingHandlerMapping)]=[Mapped "{[/core/admin/sms/set-open]}" onto public com.enation.framework.action.JsonResult com.enation.app.base.core.action.SmsController.setOpen(java.lang.Integer)]
[21:00:34|INFO |(org.springframework.web.servlet.mvc.method.annotation.RequestMappingHandlerMapping)]=[Mapped "{[/core/admin/sms/get-html]}" onto public org.springframework.web.servlet.ModelAndView com.enation.app.base.core.action.SmsController.gethtml(com.enation.app.base.core.model.SmsPlatform,java.lang.String,java.lang.Integer,java.lang.String)]
[21:00:34|INFO |(org.springframework.web.servlet.mvc.method.annotation.RequestMappingHandlerMapping)]=[Mapped "{[/core/admin/sms/sms-listJson]}" onto public com.enation.framework.action.GridJsonResult com.enation.app.base.core.action.SmsController.listJson()]
[21:00:34|INFO |(org.springframework.web.servlet.mvc.method.annotation.RequestMappingHandlerMapping)]=[Mapped "{[/core/admin/sms/save-edit]}" onto public com.enation.framework.action.JsonResult com.enation.app.base.core.action.SmsController.saveEdit(java.lang.Integer)]
[21:00:34|INFO |(org.springframework.web.servlet.mvc.method.annotation.RequestMappingHandlerMapping)]=[Mapped "{[/core/admin/smtp/add]}" onto public java.lang.String com.enation.app.base.core.action.SmtpController.add()]
[21:00:34|INFO |(org.springframework.web.servlet.mvc.method.annotation.RequestMappingHandlerMapping)]=[Mapped "{[/core/admin/smtp/delete]}" onto public com.enation.framework.action.JsonResult com.enation.app.base.core.action.SmtpController.delete(java.lang.Integer[])]
[21:00:34|INFO |(org.springframework.web.servlet.mvc.method.annotation.RequestMappingHandlerMapping)]=[Mapped "{[/core/admin/smtp/list]}" onto public java.lang.String com.enation.app.base.core.action.SmtpController.list()]
[21:00:34|INFO |(org.springframework.web.servlet.mvc.method.annotation.RequestMappingHandlerMapping)]=[Mapped "{[/core/admin/smtp/test-send]}" onto public com.enation.framework.action.JsonResult com.enation.app.base.core.action.SmtpController.testSend(com.enation.app.base.core.model.Smtp,java.lang.String)]
[21:00:34|INFO |(org.springframework.web.servlet.mvc.method.annotation.RequestMappingHandlerMapping)]=[Mapped "{[/core/admin/smtp/smtp-listJson]}" onto public com.enation.framework.action.GridJsonResult com.enation.app.base.core.action.SmtpController.listJson()]
[21:00:34|INFO |(org.springframework.web.servlet.mvc.method.annotation.RequestMappingHandlerMapping)]=[Mapped "{[/core/admin/smtp/edit]}" onto public org.springframework.web.servlet.ModelAndView com.enation.app.base.core.action.SmtpController.edit(java.lang.Integer)]
[21:00:34|INFO |(org.springframework.web.servlet.mvc.method.annotation.RequestMappingHandlerMapping)]=[Mapped "{[/core/admin/smtp/save-add]}" onto public com.enation.framework.action.JsonResult com.enation.app.base.core.action.SmtpController.saveAdd(com.enation.app.base.core.model.Smtp)]
[21:00:34|INFO |(org.springframework.web.servlet.mvc.method.annotation.RequestMappingHandlerMapping)]=[Mapped "{[/core/admin/smtp/save-edit]}" onto public com.enation.framework.action.JsonResult com.enation.app.base.core.action.SmtpController.saveEdit(com.enation.app.base.core.model.Smtp)]
[21:00:34|INFO |(org.springframework.web.servlet.mvc.method.annotation.RequestMappingHandlerMapping)]=[Mapped "{[/core/admin/themeUri/add]}" onto public java.lang.String com.enation.app.base.core.action.ThemeUriController.add()]
[21:00:34|INFO |(org.springframework.web.servlet.mvc.method.annotation.RequestMappingHandlerMapping)]=[Mapped "{[/core/admin/themeUri/delete]}" onto public com.enation.framework.action.JsonResult com.enation.app.base.core.action.ThemeUriController.delete(int)]
[21:00:34|INFO |(org.springframework.web.servlet.mvc.method.annotation.RequestMappingHandlerMapping)]=[Mapped "{[/core/admin/themeUri/list]}" onto public java.lang.String com.enation.app.base.core.action.ThemeUriController.list()]
[21:00:34|INFO |(org.springframework.web.servlet.mvc.method.annotation.RequestMappingHandlerMapping)]=[Mapped "{[/core/admin/themeUri/batch-edit]}" onto public com.enation.framework.action.JsonResult com.enation.app.base.core.action.ThemeUriController.batchEdit(java.lang.String[],int[],java.lang.String[],java.lang.String[],int[],int[])]
[21:00:34|INFO |(org.springframework.web.servlet.mvc.method.annotation.RequestMappingHandlerMapping)]=[Mapped "{[/core/admin/themeUri/list-json]}" onto public com.enation.framework.action.GridJsonResult com.enation.app.base.core.action.ThemeUriController.listJson(java.lang.String)]
[21:00:34|INFO |(org.springframework.web.servlet.mvc.method.annotation.RequestMappingHandlerMapping)]=[Mapped "{[/core/admin/themeUri/edit]}" onto public org.springframework.web.servlet.ModelAndView com.enation.app.base.core.action.ThemeUriController.edit(int)]
[21:00:34|INFO |(org.springframework.web.servlet.mvc.method.annotation.RequestMappingHandlerMapping)]=[Mapped "{[/core/admin/themeUri/save-add]}" onto public com.enation.framework.action.JsonResult com.enation.app.base.core.action.ThemeUriController.saveAdd(com.enation.eop.resource.model.ThemeUri)]
[21:00:34|INFO |(org.springframework.web.servlet.mvc.method.annotation.RequestMappingHandlerMapping)]=[Mapped "{[/core/admin/themeUri/save-edit]}" onto public com.enation.framework.action.JsonResult com.enation.app.base.core.action.ThemeUriController.saveEdit(com.enation.eop.resource.model.ThemeUri,int)]
[21:00:34|INFO |(org.springframework.web.servlet.mvc.method.annotation.RequestMappingHandlerMapping)]=[Mapped "{[/core/admin/ueditor/get-config-json]}" onto public java.lang.Object com.enation.app.base.core.action.UeditorController.getConfigJson(java.lang.String)]
[21:00:34|INFO |(org.springframework.web.servlet.mvc.method.annotation.RequestMappingHandlerMapping)]=[Mapped "{[/core/admin/ueditor/upload-img]}" onto public java.lang.String com.enation.app.base.core.action.UeditorController.uploadImg(org.springframework.web.multipart.MultipartFile)]
[21:00:34|INFO |(org.springframework.web.servlet.mvc.method.annotation.RequestMappingHandlerMapping)]=[Mapped "{[/eop/upload/delete]}" onto public com.enation.framework.action.JsonResult com.enation.app.base.core.action.UploadController.delete(java.lang.String)]
[21:00:34|INFO |(org.springframework.web.servlet.mvc.method.annotation.RequestMappingHandlerMapping)]=[Mapped "{[/eop/upload/file]}" onto public org.springframework.web.servlet.ModelAndView com.enation.app.base.core.action.UploadController.execute(java.lang.String,java.lang.String,java.lang.Integer,java.lang.Integer)]
[21:00:34|INFO |(org.springframework.web.servlet.mvc.method.annotation.RequestMappingHandlerMapping)]=[Mapped "{[/eop/upload/upload-file]}" onto public java.lang.Object com.enation.app.base.core.action.UploadController.uploadFile(org.springframework.web.multipart.MultipartFile,java.lang.String,java.lang.Integer)]
[21:00:34|INFO |(org.springframework.web.servlet.mvc.method.annotation.RequestMappingHandlerMapping)]=[Mapped "{[/eop/upload/file-ui]}" onto public java.lang.String com.enation.app.base.core.action.UploadController.fileUI()]
[21:00:34|INFO |(org.springframework.web.servlet.mvc.method.annotation.RequestMappingHandlerMapping)]=[Mapped "{[/eop/upload/upload]}" onto public java.lang.Object com.enation.app.base.core.action.UploadController.upload(int,java.lang.String,java.lang.Integer,org.springframework.web.multipart.MultipartFile,java.lang.Integer,java.lang.Integer)]
[21:00:34|INFO |(org.springframework.web.servlet.mvc.method.annotation.RequestMappingHandlerMapping)]=[Mapped "{[/core/admin/userAdmin/add]}" onto public org.springframework.web.servlet.ModelAndView com.enation.app.base.core.action.UserAdminController.add() throws java.lang.Exception]
[21:00:34|INFO |(org.springframework.web.servlet.mvc.method.annotation.RequestMappingHandlerMapping)]=[Mapped "{[/core/admin/userAdmin/delete]}" onto public com.enation.framework.action.JsonResult com.enation.app.base.core.action.UserAdminController.delete(java.lang.Integer) throws java.lang.Exception]
[21:00:34|INFO |(org.springframework.web.servlet.mvc.method.annotation.RequestMappingHandlerMapping)]=[Mapped "{[/core/admin/userAdmin/list]}" onto public java.lang.String com.enation.app.base.core.action.UserAdminController.list()]
[21:00:34|INFO |(org.springframework.web.servlet.mvc.method.annotation.RequestMappingHandlerMapping)]=[Mapped "{[/core/admin/userAdmin/list-json]}" onto public com.enation.framework.action.GridJsonResult com.enation.app.base.core.action.UserAdminController.listJson()]
[21:00:34|INFO |(org.springframework.web.servlet.mvc.method.annotation.RequestMappingHandlerMapping)]=[Mapped "{[/core/admin/userAdmin/edit]}" onto public org.springframework.web.servlet.ModelAndView com.enation.app.base.core.action.UserAdminController.edit(java.lang.Integer,com.enation.eop.resource.model.AdminUser) throws java.lang.Exception]
[21:00:34|INFO |(org.springframework.web.servlet.mvc.method.annotation.RequestMappingHandlerMapping)]=[Mapped "{[/core/admin/userAdmin/add-save]}" onto public com.enation.framework.action.JsonResult com.enation.app.base.core.action.UserAdminController.addSave(com.enation.eop.resource.model.AdminUser,int[]) throws java.lang.Exception]
[21:00:34|INFO |(org.springframework.web.servlet.mvc.method.annotation.RequestMappingHandlerMapping)]=[Mapped "{[/core/admin/userAdmin/edit-save]}" onto public com.enation.framework.action.JsonResult com.enation.app.base.core.action.UserAdminController.editSave(java.lang.String,com.enation.eop.resource.model.AdminUser,java.lang.String,int[]) throws java.lang.Exception]
[21:00:34|INFO |(org.springframework.web.servlet.mvc.method.annotation.RequestMappingHandlerMapping)]=[Mapped "{[/shop/admin/bonus/delete]}" onto public com.enation.framework.action.JsonResult com.enation.app.shop.component.bonus.action.BonusController.delete(java.lang.Integer)]
[21:00:34|INFO |(org.springframework.web.servlet.mvc.method.annotation.RequestMappingHandlerMapping)]=[Mapped "{[/shop/admin/bonus/list]}" onto public org.springframework.web.servlet.ModelAndView com.enation.app.shop.component.bonus.action.BonusController.list(java.lang.Integer,java.lang.Integer)]
[21:00:34|INFO |(org.springframework.web.servlet.mvc.method.annotation.RequestMappingHandlerMapping)]=[Mapped "{[/shop/admin/bonus/send]}" onto public org.springframework.web.servlet.ModelAndView com.enation.app.shop.component.bonus.action.BonusController.send(java.lang.Integer)]
[21:00:34|INFO |(org.springframework.web.servlet.mvc.method.annotation.RequestMappingHandlerMapping)]=[Mapped "{[/shop/admin/bonus/re-send-mail]}" onto public java.lang.String com.enation.app.shop.component.bonus.action.BonusController.reSendMail()]
[21:00:34|INFO |(org.springframework.web.servlet.mvc.method.annotation.RequestMappingHandlerMapping)]=[Mapped "{[/shop/admin/bonus/send-for-member-lv]}" onto public com.enation.framework.action.JsonResult com.enation.app.shop.component.bonus.action.BonusController.sendForMemberLv(java.lang.Integer)]
[21:00:34|INFO |(org.springframework.web.servlet.mvc.method.annotation.RequestMappingHandlerMapping)]=[Mapped "{[/shop/admin/bonus/send-for-member]}" onto public com.enation.framework.action.JsonResult com.enation.app.shop.component.bonus.action.BonusController.sendForMember(java.lang.Integer,java.lang.Integer[])]
[21:00:34|INFO |(org.springframework.web.servlet.mvc.method.annotation.RequestMappingHandlerMapping)]=[Mapped "{[/shop/admin/bonus/send-for-off-line]}" onto public java.lang.Object com.enation.app.shop.component.bonus.action.BonusController.sendForOffLine(java.lang.Integer)]
[21:00:34|INFO |(org.springframework.web.servlet.mvc.method.annotation.RequestMappingHandlerMapping)]=[Mapped "{[/shop/admin/bonus/get-goods-list]}" onto public java.lang.Object com.enation.app.shop.component.bonus.action.BonusController.getGoodsList(java.lang.Integer)]
[21:00:34|INFO |(org.springframework.web.servlet.mvc.method.annotation.RequestMappingHandlerMapping)]=[Mapped "{[/shop/admin/bonus/export-excel]}" onto public org.springframework.web.servlet.ModelAndView com.enation.app.shop.component.bonus.action.BonusController.exportExcel(java.lang.Integer)]
[21:00:34|INFO |(org.springframework.web.servlet.mvc.method.annotation.RequestMappingHandlerMapping)]=[Mapped "{[/shop/admin/bonus/send-for-goods]}" onto public java.lang.Object com.enation.app.shop.component.bonus.action.BonusController.sendForGoods(java.lang.Integer,java.lang.Integer[])]
[21:00:34|INFO |(org.springframework.web.servlet.mvc.method.annotation.RequestMappingHandlerMapping)]=[Mapped "{[/shop/admin/bonus/list-json]}" onto public com.enation.framework.action.GridJsonResult com.enation.app.shop.component.bonus.action.BonusController.listJson(java.lang.Integer)]
[21:00:34|INFO |(org.springframework.web.servlet.mvc.method.annotation.RequestMappingHandlerMapping)]=[Mapped "{[/shop/admin/bonus-type/add]}" onto public java.lang.String com.enation.app.shop.component.bonus.action.BonusTypeController.add()]
[21:00:34|INFO |(org.springframework.web.servlet.mvc.method.annotation.RequestMappingHandlerMapping)]=[Mapped "{[/shop/admin/bonus-type/delete]}" onto public com.enation.framework.action.JsonResult com.enation.app.shop.component.bonus.action.BonusTypeController.delete(java.lang.Integer)]
[21:00:34|INFO |(org.springframework.web.servlet.mvc.method.annotation.RequestMappingHandlerMapping)]=[Mapped "{[/shop/admin/bonus-type/list]}" onto public org.springframework.web.servlet.ModelAndView com.enation.app.shop.component.bonus.action.BonusTypeController.list()]
[21:00:34|INFO |(org.springframework.web.servlet.mvc.method.annotation.RequestMappingHandlerMapping)]=[Mapped "{[/shop/admin/bonus-type/list-json]}" onto public com.enation.framework.action.GridJsonResult com.enation.app.shop.component.bonus.action.BonusTypeController.listJson()]
[21:00:34|INFO |(org.springframework.web.servlet.mvc.method.annotation.RequestMappingHandlerMapping)]=[Mapped "{[/shop/admin/bonus-type/edit]}" onto public org.springframework.web.servlet.ModelAndView com.enation.app.shop.component.bonus.action.BonusTypeController.edit(java.lang.Integer)]
[21:00:34|INFO |(org.springframework.web.servlet.mvc.method.annotation.RequestMappingHandlerMapping)]=[Mapped "{[/shop/admin/bonus-type/save-add]}" onto public com.enation.framework.action.JsonResult com.enation.app.shop.component.bonus.action.BonusTypeController.saveAdd(com.enation.app.shop.component.bonus.model.BonusType,java.lang.String,java.lang.String,java.lang.String,java.lang.String)]
[21:00:34|INFO |(org.springframework.web.servlet.mvc.method.annotation.RequestMappingHandlerMapping)]=[Mapped "{[/shop/admin/bonus-type/save-edit]}" onto public com.enation.framework.action.JsonResult com.enation.app.shop.component.bonus.action.BonusTypeController.saveEdit(com.enation.app.shop.component.bonus.model.BonusType,java.lang.String,java.lang.String,java.lang.String,java.lang.String)]
[21:00:34|INFO |(org.springframework.web.servlet.mvc.method.annotation.RequestMappingHandlerMapping)]=[Mapped "{[/api/shop/bonus/cancel-bonus]}" onto public com.enation.framework.action.JsonResult com.enation.app.shop.component.bonus.api.BonusApiController.cancelBonus()]
[21:00:34|INFO |(org.springframework.web.servlet.mvc.method.annotation.RequestMappingHandlerMapping)]=[Mapped "{[/api/shop/bonus/use-sn]}" onto public com.enation.framework.action.JsonResult com.enation.app.shop.component.bonus.api.BonusApiController.useSn(java.lang.String,java.lang.Double)]
[21:00:34|INFO |(org.springframework.web.servlet.mvc.method.annotation.RequestMappingHandlerMapping)]=[Mapped "{[/api/shop/bonus/cancel-sn]}" onto public com.enation.framework.action.JsonResult com.enation.app.shop.component.bonus.api.BonusApiController.cancelSn(java.lang.String)]
[21:00:34|INFO |(org.springframework.web.servlet.mvc.method.annotation.RequestMappingHandlerMapping)]=[Mapped "{[/api/shop/bonus/get-member-bonus]}" onto public java.lang.Object com.enation.app.shop.component.bonus.api.BonusApiController.getMemberBonus()]
[21:00:34|INFO |(org.springframework.web.servlet.mvc.method.annotation.RequestMappingHandlerMapping)]=[Mapped "{[/api/shop/bonus/use-one]}" onto public com.enation.framework.action.JsonResult com.enation.app.shop.component.bonus.api.BonusApiController.useOne(java.lang.Integer)]
[21:00:34|INFO |(org.springframework.web.servlet.mvc.method.annotation.RequestMappingHandlerMapping)]=[Mapped "{[/api/shop/goodsGallery/delete]}" onto public com.enation.framework.action.JsonResult com.enation.app.shop.component.gallery.action.GoodsGalleryController.delete(java.lang.String)]
[21:00:34|INFO |(org.springframework.web.servlet.mvc.method.annotation.RequestMappingHandlerMapping)]=[Mapped "{[/api/shop/goodsGallery/upload]}" onto public java.lang.String com.enation.app.shop.component.gallery.action.GoodsGalleryController.upload(org.springframework.web.multipart.MultipartFile)]
[21:00:34|INFO |(org.springframework.web.servlet.mvc.method.annotation.RequestMappingHandlerMapping)]=[Mapped "{[/shop/admin/goods-params/get-add-page-html]}" onto public java.lang.String com.enation.app.shop.component.goodscore.plugin.params.GoodsParamsPageController.getAddPageHtml()]
[21:00:34|INFO |(org.springframework.web.servlet.mvc.method.annotation.RequestMappingHandlerMapping)]=[Mapped "{[/shop/admin/goods-params/get-edit-page-html]}" onto public java.lang.String com.enation.app.shop.component.goodscore.plugin.params.GoodsParamsPageController.getEditPageHtml(int)]
[21:00:34|INFO |(org.springframework.web.servlet.mvc.method.annotation.RequestMappingHandlerMapping)]=[Mapped "{[/shop/admin/goods-props/get-add-page-html]}" onto public java.lang.String com.enation.app.shop.component.goodscore.plugin.props.GoodsPropsPageAction.getAddPageHtml()]
[21:00:34|INFO |(org.springframework.web.servlet.mvc.method.annotation.RequestMappingHandlerMapping)]=[Mapped "{[/shop/admin/goods-props/get-edit-page-html]}" onto public java.lang.String com.enation.app.shop.component.goodscore.plugin.props.GoodsPropsPageAction.getEditPageHtml(int)]
[21:00:34|INFO |(org.springframework.web.servlet.mvc.method.annotation.RequestMappingHandlerMapping)]=[Mapped "{[/shop/admin/goods-specs/get-add-page-html]}" onto public java.lang.String com.enation.app.shop.component.spec.plugin.goods.GoodsSpecsPageAction.getAddPageHtml()]
[21:00:34|INFO |(org.springframework.web.servlet.mvc.method.annotation.RequestMappingHandlerMapping)]=[Mapped "{[/shop/admin/goods-specs/get-edit-page-html]}" onto public java.lang.String com.enation.app.shop.component.spec.plugin.goods.GoodsSpecsPageAction.getEditPageHtml(int)]
[21:00:34|INFO |(org.springframework.web.servlet.mvc.method.annotation.RequestMappingHandlerMapping)]=[Mapped "{[/core/admin/adv-select/list-adv-by-id]}" onto public com.enation.framework.action.GridJsonResult com.enation.app.shop.core.decorate.action.AdvSelectController.listAdvById()]
[21:00:34|INFO |(org.springframework.web.servlet.mvc.method.annotation.RequestMappingHandlerMapping)]=[Mapped "{[/core/admin/brand-select/list-brand-by-id]}" onto public com.enation.framework.action.GridJsonResult com.enation.app.shop.core.decorate.action.BrandSelectController.listBrandById()]
[21:00:34|INFO |(org.springframework.web.servlet.mvc.method.annotation.RequestMappingHandlerMapping)]=[Mapped "{[/core/admin/floor/delete],produces=[application/json]}" onto public com.enation.framework.action.JsonResult com.enation.app.shop.core.decorate.action.FloorController.delete(java.lang.Integer)]
[21:00:34|INFO |(org.springframework.web.servlet.mvc.method.annotation.RequestMappingHandlerMapping)]=[Mapped "{[/core/admin/floor/list]}" onto public org.springframework.web.servlet.ModelAndView com.enation.app.shop.core.decorate.action.FloorController.list()]
[21:00:34|INFO |(org.springframework.web.servlet.mvc.method.annotation.RequestMappingHandlerMapping)]=[Mapped "{[/core/admin/floor/get-list-by-parentid-json]}" onto public com.enation.framework.action.GridJsonResult com.enation.app.shop.core.decorate.action.FloorController.getlistByParentidJson(java.lang.Integer,java.lang.Integer)]
[21:00:34|INFO |(org.springframework.web.servlet.mvc.method.annotation.RequestMappingHandlerMapping)]=[Mapped "{[/core/admin/floor/save-sort]}" onto public com.enation.framework.action.JsonResult com.enation.app.shop.core.decorate.action.FloorController.savaSort(java.lang.Integer[],java.lang.Integer[])]
[21:00:34|INFO |(org.springframework.web.servlet.mvc.method.annotation.RequestMappingHandlerMapping)]=[Mapped "{[/core/admin/floor/edit-template]}" onto public org.springframework.web.servlet.ModelAndView com.enation.app.shop.core.decorate.action.FloorController.editTemPlate(java.lang.Integer,java.lang.Integer)]
[21:00:34|INFO |(org.springframework.web.servlet.mvc.method.annotation.RequestMappingHandlerMapping)]=[Mapped "{[/core/admin/floor/add-floor]}" onto public org.springframework.web.servlet.ModelAndView com.enation.app.shop.core.decorate.action.FloorController.addFloor(java.lang.Integer)]
[21:00:34|INFO |(org.springframework.web.servlet.mvc.method.annotation.RequestMappingHandlerMapping)]=[Mapped "{[/core/admin/floor/save-display]}" onto public com.enation.framework.action.JsonResult com.enation.app.shop.core.decorate.action.FloorController.saveSort(java.lang.Integer,java.lang.Integer)]
[21:00:34|INFO |(org.springframework.web.servlet.mvc.method.annotation.RequestMappingHandlerMapping)]=[Mapped "{[/core/admin/floor/save-title]}" onto public com.enation.framework.action.JsonResult com.enation.app.shop.core.decorate.action.FloorController.saveTitle(java.lang.Integer,java.lang.String)]
[21:00:34|INFO |(org.springframework.web.servlet.mvc.method.annotation.RequestMappingHandlerMapping)]=[Mapped "{[/core/admin/floor/add-list-json]}" onto public java.lang.String com.enation.app.shop.core.decorate.action.FloorController.addlistJson(java.lang.Integer,java.lang.Integer)]
[21:00:34|INFO |(org.springframework.web.servlet.mvc.method.annotation.RequestMappingHandlerMapping)]=[Mapped "{[/core/admin/floor/add-children]}" onto public org.springframework.web.servlet.ModelAndView com.enation.app.shop.core.decorate.action.FloorController.addChildren(java.lang.Integer)]
[21:00:34|INFO |(org.springframework.web.servlet.mvc.method.annotation.RequestMappingHandlerMapping)]=[Mapped "{[/core/admin/floor/edit]}" onto public org.springframework.web.servlet.ModelAndView com.enation.app.shop.core.decorate.action.FloorController.edit(java.lang.Integer)]
[21:00:34|INFO |(org.springframework.web.servlet.mvc.method.annotation.RequestMappingHandlerMapping)]=[Mapped "{[/core/admin/floor/save-add]}" onto public com.enation.framework.action.JsonResult com.enation.app.shop.core.decorate.action.FloorController.saveAdd(com.enation.app.shop.core.decorate.model.Floor,org.springframework.web.multipart.MultipartFile)]
[21:00:34|INFO |(org.springframework.web.servlet.mvc.method.annotation.RequestMappingHandlerMapping)]=[Mapped "{[/core/admin/floor/save-edit]}" onto public com.enation.framework.action.JsonResult com.enation.app.shop.core.decorate.action.FloorController.saveEdit(com.enation.app.shop.core.decorate.model.Floor,org.springframework.web.multipart.MultipartFile)]
[21:00:34|INFO |(org.springframework.web.servlet.mvc.method.annotation.RequestMappingHandlerMapping)]=[Mapped "{[/core/admin/floor-goods-select/list-goods-by-id]}" onto public com.enation.framework.action.GridJsonResult com.enation.app.shop.core.decorate.action.FloorGoodsSelectController.listGoodsById(java.lang.Integer)]
[21:00:34|INFO |(org.springframework.web.servlet.mvc.method.annotation.RequestMappingHandlerMapping)]=[Mapped "{[/core/admin/indexpage/list]}" onto public java.lang.String com.enation.app.shop.core.decorate.action.IndexPageController.list()]
[21:00:34|INFO |(org.springframework.web.servlet.mvc.method.annotation.RequestMappingHandlerMapping)]=[Mapped "{[/core/admin/indexpage/pc-manager]}" onto public java.lang.String com.enation.app.shop.core.decorate.action.IndexPageController.pcManager()]
[21:00:34|INFO |(org.springframework.web.servlet.mvc.method.annotation.RequestMappingHandlerMapping)]=[Mapped "{[/core/admin/indexpage/indexpage-manager]}" onto public org.springframework.web.servlet.ModelAndView com.enation.app.shop.core.decorate.action.IndexPageController.indexPageManager()]
[21:00:34|INFO |(org.springframework.web.servlet.mvc.method.annotation.RequestMappingHandlerMapping)]=[Mapped "{[/core/admin/indexpage/wap-manager]}" onto public java.lang.String com.enation.app.shop.core.decorate.action.IndexPageController.wapManager()]
[21:00:34|INFO |(org.springframework.web.servlet.mvc.method.annotation.RequestMappingHandlerMapping)]=[Mapped "{[/core/admin/indexpage/add-floor]}" onto public org.springframework.web.servlet.ModelAndView com.enation.app.shop.core.decorate.action.IndexPageController.addFloor(java.lang.Integer)]
[21:00:34|INFO |(org.springframework.web.servlet.mvc.method.annotation.RequestMappingHandlerMapping)]=[Mapped "{[/core/admin/indexpage/save-add]}" onto public com.enation.framework.action.JsonResult com.enation.app.shop.core.decorate.action.IndexPageController.saveAdd(com.enation.app.shop.core.decorate.model.Floor,org.springframework.web.multipart.MultipartFile)]
[21:00:34|INFO |(org.springframework.web.servlet.mvc.method.annotation.RequestMappingHandlerMapping)]=[Mapped "{[/core/admin/showcase/delete]}" onto public com.enation.framework.action.JsonResult com.enation.app.shop.core.decorate.action.ShowCaseController.delete(java.lang.Integer)]
[21:00:34|INFO |(org.springframework.web.servlet.mvc.method.annotation.RequestMappingHandlerMapping)]=[Mapped "{[/core/admin/showcase/list]}" onto public org.springframework.web.servlet.ModelAndView com.enation.app.shop.core.decorate.action.ShowCaseController.list()]
[21:00:34|INFO |(org.springframework.web.servlet.mvc.method.annotation.RequestMappingHandlerMapping)]=[Mapped "{[/core/admin/showcase/edit-showcase]}" onto public org.springframework.web.servlet.ModelAndView com.enation.app.shop.core.decorate.action.ShowCaseController.editShowCase(java.lang.Integer)]
[21:00:34|INFO |(org.springframework.web.servlet.mvc.method.annotation.RequestMappingHandlerMapping)]=[Mapped "{[/core/admin/showcase/add-showcase-goods]}" onto public java.lang.String com.enation.app.shop.core.decorate.action.ShowCaseController.addShowCaseGoods()]
[21:00:34|INFO |(org.springframework.web.servlet.mvc.method.annotation.RequestMappingHandlerMapping)]=[Mapped "{[/core/admin/showcase/add-showcase]}" onto public org.springframework.web.servlet.ModelAndView com.enation.app.shop.core.decorate.action.ShowCaseController.addShowCase()]
[21:00:34|INFO |(org.springframework.web.servlet.mvc.method.annotation.RequestMappingHandlerMapping)]=[Mapped "{[/core/admin/showcase/save-showcase]}" onto public com.enation.framework.action.JsonResult com.enation.app.shop.core.decorate.action.ShowCaseController.saveShowCase(com.enation.app.shop.core.decorate.model.ShowCase)]
[21:00:34|INFO |(org.springframework.web.servlet.mvc.method.annotation.RequestMappingHandlerMapping)]=[Mapped "{[/core/admin/showcase/get-selected-goods]}" onto public com.enation.framework.action.GridJsonResult com.enation.app.shop.core.decorate.action.ShowCaseController.getSelectGoods(java.lang.Integer)]
[21:00:34|INFO |(org.springframework.web.servlet.mvc.method.annotation.RequestMappingHandlerMapping)]=[Mapped "{[/core/admin/showcase/save-display]}" onto public com.enation.framework.action.JsonResult com.enation.app.shop.core.decorate.action.ShowCaseController.saveDisplay(java.lang.Integer,java.lang.Integer)]
[21:00:34|INFO |(org.springframework.web.servlet.mvc.method.annotation.RequestMappingHandlerMapping)]=[Mapped "{[/core/admin/showcase/save-sort]}" onto public com.enation.framework.action.JsonResult com.enation.app.shop.core.decorate.action.ShowCaseController.saveSort(java.lang.Integer[],java.lang.Integer[])]
[21:00:34|INFO |(org.springframework.web.servlet.mvc.method.annotation.RequestMappingHandlerMapping)]=[Mapped "{[/core/admin/showcase/edit-showcase-goods]}" onto public org.springframework.web.servlet.ModelAndView com.enation.app.shop.core.decorate.action.ShowCaseController.editShowCaseGoods(java.lang.Integer)]
[21:00:34|INFO |(org.springframework.web.servlet.mvc.method.annotation.RequestMappingHandlerMapping)]=[Mapped "{[/core/admin/showcase/get-selected-goods-map]}" onto public com.enation.framework.action.GridJsonResult com.enation.app.shop.core.decorate.action.ShowCaseController.getSelectGoodsMap(java.lang.Integer)]
[21:00:34|INFO |(org.springframework.web.servlet.mvc.method.annotation.RequestMappingHandlerMapping)]=[Mapped "{[/core/admin/showcase/list-json]}" onto public com.enation.framework.action.GridJsonResult com.enation.app.shop.core.decorate.action.ShowCaseController.listJson()]
[21:00:34|INFO |(org.springframework.web.servlet.mvc.method.annotation.RequestMappingHandlerMapping)]=[Mapped "{[/core/admin/showcase/save-edit]}" onto public com.enation.framework.action.JsonResult com.enation.app.shop.core.decorate.action.ShowCaseController.saveEdit(com.enation.app.shop.core.decorate.model.ShowCase)]
[21:00:34|INFO |(org.springframework.web.servlet.mvc.method.annotation.RequestMappingHandlerMapping)]=[Mapped "{[/core/admin/subject/delete]}" onto public com.enation.framework.action.JsonResult com.enation.app.shop.core.decorate.action.SubjectController.delete(java.lang.Integer)]
[21:00:34|INFO |(org.springframework.web.servlet.mvc.method.annotation.RequestMappingHandlerMapping)]=[Mapped "{[/core/admin/subject/list]}" onto public org.springframework.web.servlet.ModelAndView com.enation.app.shop.core.decorate.action.SubjectController.list()]
[21:00:34|INFO |(org.springframework.web.servlet.mvc.method.annotation.RequestMappingHandlerMapping)]=[Mapped "{[/core/admin/subject/save-add-goods]}" onto public com.enation.framework.action.JsonResult com.enation.app.shop.core.decorate.action.SubjectController.saveAddGoods(java.lang.Integer,java.lang.Integer[])]
[21:00:34|INFO |(org.springframework.web.servlet.mvc.method.annotation.RequestMappingHandlerMapping)]=[Mapped "{[/core/admin/subject/add-image]}" onto public org.springframework.web.servlet.ModelAndView com.enation.app.shop.core.decorate.action.SubjectController.addImage(java.lang.Integer)]
[21:00:34|INFO |(org.springframework.web.servlet.mvc.method.annotation.RequestMappingHandlerMapping)]=[Mapped "{[/core/admin/subject/save-edit-image]}" onto public com.enation.framework.action.JsonResult com.enation.app.shop.core.decorate.action.SubjectController.saveEditImage(java.lang.Integer,org.springframework.web.multipart.MultipartFile,java.lang.Integer)]
[21:00:34|INFO |(org.springframework.web.servlet.mvc.method.annotation.RequestMappingHandlerMapping)]=[Mapped "{[/core/admin/subject/edit-goods]}" onto public org.springframework.web.servlet.ModelAndView com.enation.app.shop.core.decorate.action.SubjectController.editGoods(java.lang.Integer,java.lang.Integer)]
[21:00:34|INFO |(org.springframework.web.servlet.mvc.method.annotation.RequestMappingHandlerMapping)]=[Mapped "{[/core/admin/subject/get-selected-goods]}" onto public com.enation.framework.action.GridJsonResult com.enation.app.shop.core.decorate.action.SubjectController.getSelectedGoods(java.lang.Integer,java.lang.Integer)]
[21:00:34|INFO |(org.springframework.web.servlet.mvc.method.annotation.RequestMappingHandlerMapping)]=[Mapped "{[/core/admin/subject/delete-goods]}" onto public com.enation.framework.action.JsonResult com.enation.app.shop.core.decorate.action.SubjectController.deleteGoods(java.lang.Integer,java.lang.Integer)]
[21:00:34|INFO |(org.springframework.web.servlet.mvc.method.annotation.RequestMappingHandlerMapping)]=[Mapped "{[/core/admin/subject/save-edit-goods]}" onto public com.enation.framework.action.JsonResult com.enation.app.shop.core.decorate.action.SubjectController.saveEditGoods(java.lang.Integer,java.lang.Integer[],java.lang.Integer)]
[21:00:34|INFO |(org.springframework.web.servlet.mvc.method.annotation.RequestMappingHandlerMapping)]=[Mapped "{[/core/admin/subject/add-goods]}" onto public org.springframework.web.servlet.ModelAndView com.enation.app.shop.core.decorate.action.SubjectController.addGoods(java.lang.Integer)]
[21:00:34|INFO |(org.springframework.web.servlet.mvc.method.annotation.RequestMappingHandlerMapping)]=[Mapped "{[/core/admin/subject/save-add-image]}" onto public com.enation.framework.action.JsonResult com.enation.app.shop.core.decorate.action.SubjectController.saveAddImage(java.lang.Integer,org.springframework.web.multipart.MultipartFile)]
[21:00:34|INFO |(org.springframework.web.servlet.mvc.method.annotation.RequestMappingHandlerMapping)]=[Mapped "{[/core/admin/subject/delete-image]}" onto public com.enation.framework.action.JsonResult com.enation.app.shop.core.decorate.action.SubjectController.deleteImage(java.lang.Integer,java.lang.Integer)]
[21:00:34|INFO |(org.springframework.web.servlet.mvc.method.annotation.RequestMappingHandlerMapping)]=[Mapped "{[/core/admin/subject/edit-subject]}" onto public org.springframework.web.servlet.ModelAndView com.enation.app.shop.core.decorate.action.SubjectController.editSubject(java.lang.Integer)]
[21:00:34|INFO |(org.springframework.web.servlet.mvc.method.annotation.RequestMappingHandlerMapping)]=[Mapped "{[/core/admin/subject/design]}" onto public org.springframework.web.servlet.ModelAndView com.enation.app.shop.core.decorate.action.SubjectController.design(java.lang.Integer)]
[21:00:34|INFO |(org.springframework.web.servlet.mvc.method.annotation.RequestMappingHandlerMapping)]=[Mapped "{[/core/admin/subject/add-subject]}" onto public org.springframework.web.servlet.ModelAndView com.enation.app.shop.core.decorate.action.SubjectController.addSubject()]
[21:00:34|INFO |(org.springframework.web.servlet.mvc.method.annotation.RequestMappingHandlerMapping)]=[Mapped "{[/core/admin/subject/save-display]}" onto public com.enation.framework.action.JsonResult com.enation.app.shop.core.decorate.action.SubjectController.saveDisplay(java.lang.Integer,java.lang.Integer)]
[21:00:34|INFO |(org.springframework.web.servlet.mvc.method.annotation.RequestMappingHandlerMapping)]=[Mapped "{[/core/admin/subject/save-sort]}" onto public com.enation.framework.action.JsonResult com.enation.app.shop.core.decorate.action.SubjectController.saveSort(java.lang.Integer[],java.lang.Integer[])]
[21:00:34|INFO |(org.springframework.web.servlet.mvc.method.annotation.RequestMappingHandlerMapping)]=[Mapped "{[/core/admin/subject/list-json]}" onto public com.enation.framework.action.GridJsonResult com.enation.app.shop.core.decorate.action.SubjectController.listJson()]
[21:00:34|INFO |(org.springframework.web.servlet.mvc.method.annotation.RequestMappingHandlerMapping)]=[Mapped "{[/core/admin/subject/save-add]}" onto public com.enation.framework.action.JsonResult com.enation.app.shop.core.decorate.action.SubjectController.saveAdd(com.enation.app.shop.core.decorate.model.Subject,org.springframework.web.multipart.MultipartFile)]
[21:00:34|INFO |(org.springframework.web.servlet.mvc.method.annotation.RequestMappingHandlerMapping)]=[Mapped "{[/core/admin/subject/save-edit]}" onto public com.enation.framework.action.JsonResult com.enation.app.shop.core.decorate.action.SubjectController.saveEdit(com.enation.app.shop.core.decorate.model.Subject,org.springframework.web.multipart.MultipartFile)]
[21:00:34|INFO |(org.springframework.web.servlet.mvc.method.annotation.RequestMappingHandlerMapping)]=[Mapped "{[/core/admin/template/edit-adv]}" onto public org.springframework.web.servlet.ModelAndView com.enation.app.shop.core.decorate.action.TemplateController.editAdv(java.lang.Integer,java.lang.String)]
[21:00:34|INFO |(org.springframework.web.servlet.mvc.method.annotation.RequestMappingHandlerMapping)]=[Mapped "{[/core/admin/template/edit-each-goods]}" onto public org.springframework.web.servlet.ModelAndView com.enation.app.shop.core.decorate.action.TemplateController.editEachGoods(java.lang.Integer,java.lang.Integer,java.lang.Integer)]
[21:00:34|INFO |(org.springframework.web.servlet.mvc.method.annotation.RequestMappingHandlerMapping)]=[Mapped "{[/core/admin/template/edit-guid-cat]}" onto public org.springframework.web.servlet.ModelAndView com.enation.app.shop.core.decorate.action.TemplateController.editGuidCat(java.lang.Integer,java.lang.Integer)]
[21:00:34|INFO |(org.springframework.web.servlet.mvc.method.annotation.RequestMappingHandlerMapping)]=[Mapped "{[/core/admin/template/edit-batch-goods]}" onto public org.springframework.web.servlet.ModelAndView com.enation.app.shop.core.decorate.action.TemplateController.editBatchGoods(java.lang.Integer)]
[21:00:34|INFO |(org.springframework.web.servlet.mvc.method.annotation.RequestMappingHandlerMapping)]=[Mapped "{[/core/admin/template/get-brand]}" onto public com.enation.framework.action.JsonResult com.enation.app.shop.core.decorate.action.TemplateController.getBrand(java.lang.Integer)]
[21:00:34|INFO |(org.springframework.web.servlet.mvc.method.annotation.RequestMappingHandlerMapping)]=[Mapped "{[/core/admin/template/save-batch-goods]}" onto public com.enation.framework.action.JsonResult com.enation.app.shop.core.decorate.action.TemplateController.saveBatchGoods(java.lang.Integer,java.lang.Integer[],com.enation.app.shop.core.decorate.model.FloorProps)]
[21:00:34|INFO |(org.springframework.web.servlet.mvc.method.annotation.RequestMappingHandlerMapping)]=[Mapped "{[/core/admin/template/save-each-goods]}" onto public com.enation.framework.action.JsonResult com.enation.app.shop.core.decorate.action.TemplateController.saveEachGoods(java.lang.Integer,java.lang.Integer,java.lang.Integer)]
[21:00:34|INFO |(org.springframework.web.servlet.mvc.method.annotation.RequestMappingHandlerMapping)]=[Mapped "{[/core/admin/template/save-guid-cat]}" onto public com.enation.framework.action.JsonResult com.enation.app.shop.core.decorate.action.TemplateController.savaGuidCat(java.lang.Integer,java.lang.Integer)]
[21:00:34|INFO |(org.springframework.web.servlet.mvc.method.annotation.RequestMappingHandlerMapping)]=[Mapped "{[/core/admin/template/edit-brand]}" onto public org.springframework.web.servlet.ModelAndView com.enation.app.shop.core.decorate.action.TemplateController.editBrand(java.lang.Integer)]
[21:00:34|INFO |(org.springframework.web.servlet.mvc.method.annotation.RequestMappingHandlerMapping)]=[Mapped "{[/core/admin/template/save-brand]}" onto public com.enation.framework.action.JsonResult com.enation.app.shop.core.decorate.action.TemplateController.saveBrand(java.lang.Integer,java.lang.Integer[])]
[21:00:34|INFO |(org.springframework.web.servlet.mvc.method.annotation.RequestMappingHandlerMapping)]=[Mapped "{[/core/admin/template/save-adv]}" onto public com.enation.framework.action.JsonResult com.enation.app.shop.core.decorate.action.TemplateController.saveAdv(java.lang.Integer,java.lang.Integer[],java.lang.String)]
[21:00:34|INFO |(org.springframework.web.servlet.mvc.method.annotation.RequestMappingHandlerMapping)]=[Mapped "{[/core/admin/template/save-cat]}" onto public com.enation.framework.action.JsonResult com.enation.app.shop.core.decorate.action.TemplateController.saveCat(java.lang.Integer,java.lang.Integer)]
[21:00:34|INFO |(org.springframework.web.servlet.mvc.method.annotation.RequestMappingHandlerMapping)]=[Mapped "{[/core/admin/template/edit-cat]}" onto public org.springframework.web.servlet.ModelAndView com.enation.app.shop.core.decorate.action.TemplateController.editCat(java.lang.Integer,java.lang.Integer)]
[21:00:34|INFO |(org.springframework.web.servlet.mvc.method.annotation.RequestMappingHandlerMapping)]=[Mapped "{[/core/admin/templateshow/get-selected-goods]}" onto public com.enation.framework.action.GridJsonResult com.enation.app.shop.core.decorate.action.TemplateShowController.getSelectedGoods(java.lang.Integer)]
[21:00:34|INFO |(org.springframework.web.servlet.mvc.method.annotation.RequestMappingHandlerMapping)]=[Mapped "{[/core/admin/templateshow/get-selected-brand]}" onto public java.lang.String com.enation.app.shop.core.decorate.action.TemplateShowController.getSelectedBrand(java.lang.Integer)]
[21:00:34|INFO |(org.springframework.web.servlet.mvc.method.annotation.RequestMappingHandlerMapping)]=[Mapped "{[/core/admin/templateshow/list-brand]}" onto public java.lang.String com.enation.app.shop.core.decorate.action.TemplateShowController.listBrand()]
[21:00:34|INFO |(org.springframework.web.servlet.mvc.method.annotation.RequestMappingHandlerMapping)]=[Mapped "{[/core/admin/templateshow/get-selected-adv]}" onto public java.lang.String com.enation.app.shop.core.decorate.action.TemplateShowController.getSelectedAdv(java.lang.Integer,java.lang.String)]
[21:00:34|INFO |(org.springframework.web.servlet.mvc.method.annotation.RequestMappingHandlerMapping)]=[Mapped "{[/core/admin/templateshow/list-goods]}" onto public org.springframework.web.servlet.ModelAndView com.enation.app.shop.core.decorate.action.TemplateShowController.listGoods(java.lang.String,java.lang.Integer)]
[21:00:34|INFO |(org.springframework.web.servlet.mvc.method.annotation.RequestMappingHandlerMapping)]=[Mapped "{[/shop/admin/brand/add]}" onto public java.lang.String com.enation.app.shop.core.goods.action.BrandController.add()]
[21:00:34|INFO |(org.springframework.web.servlet.mvc.method.annotation.RequestMappingHandlerMapping)]=[Mapped "{[/shop/admin/brand/delete]}" onto public com.enation.framework.action.JsonResult com.enation.app.shop.core.goods.action.BrandController.delete(java.lang.Integer[])]
[21:00:34|INFO |(org.springframework.web.servlet.mvc.method.annotation.RequestMappingHandlerMapping)]=[Mapped "{[/shop/admin/brand/clean]}" onto public com.enation.framework.action.JsonResult com.enation.app.shop.core.goods.action.BrandController.clean(java.lang.Integer[])]
[21:00:34|INFO |(org.springframework.web.servlet.mvc.method.annotation.RequestMappingHandlerMapping)]=[Mapped "{[/shop/admin/brand/list]}" onto public org.springframework.web.servlet.ModelAndView com.enation.app.shop.core.goods.action.BrandController.list()]
[21:00:34|INFO |(org.springframework.web.servlet.mvc.method.annotation.RequestMappingHandlerMapping)]=[Mapped "{[/shop/admin/brand/save]}" onto public com.enation.framework.action.JsonResult com.enation.app.shop.core.goods.action.BrandController.save(com.enation.app.shop.core.goods.model.Brand,org.springframework.web.multipart.MultipartFile)]
[21:00:34|INFO |(org.springframework.web.servlet.mvc.method.annotation.RequestMappingHandlerMapping)]=[Mapped "{[/shop/admin/brand/search]}" onto public java.lang.String com.enation.app.shop.core.goods.action.BrandController.search()]
[21:00:34|INFO |(org.springframework.web.servlet.mvc.method.annotation.RequestMappingHandlerMapping)]=[Mapped "{[/shop/admin/brand/checkname]}" onto public com.enation.framework.action.JsonResult com.enation.app.shop.core.goods.action.BrandController.checkname(com.enation.app.shop.core.goods.model.Brand)]
[21:00:34|INFO |(org.springframework.web.servlet.mvc.method.annotation.RequestMappingHandlerMapping)]=[Mapped "{[/shop/admin/brand/revert]}" onto public com.enation.framework.action.JsonResult com.enation.app.shop.core.goods.action.BrandController.revert(java.lang.Integer[])]
[21:00:34|INFO |(org.springframework.web.servlet.mvc.method.annotation.RequestMappingHandlerMapping)]=[Mapped "{[/shop/admin/brand/check-used]}" onto public com.enation.framework.action.JsonResult com.enation.app.shop.core.goods.action.BrandController.checkUsed(java.lang.Integer[])]
[...]
[21:00:34|INFO |(org.springframework.web.servlet.mvc.method.annotation.RequestMappingHandlerMapping)]=[Mapped "{[/api/shop/order/rog-confirm],produces=[application/json]}" onto public com.enation.framework.action.JsonResult com.enation.app.shop.front.api.order.OrderApiController.rogConfirm()]
[21:00:34|INFO |(org.springframework.web.servlet.mvc.method.annotation.RequestMappingHandlerMapping)]=[Mapped "{[/api/shop/payment/execute],produces=[text/html]}" onto public java.lang.String com.enation.app.shop.front.api.order.PaymentApiController.execute()]
[21:00:34|INFO |(org.springframework.web.servlet.mvc.method.annotation.RequestMappingHandlerMapping)]=[Mapped "{[/api/shop/payment/alipay-qrcode],produces=[text/html]}" onto public java.lang.String com.enation.app.shop.front.api.order.PaymentApiController.alipayQrcode(java.lang.Integer)]
[21:00:34|INFO |(org.springframework.web.servlet.mvc.method.annotation.RequestMappingHandlerMapping)]=[Mapped "{[/api/shop/payment/wechat-qrcode],methods=[POST || GET]}" onto public void com.enation.app.shop.front.api.order.PaymentApiController.weChatQrcode(javax.servlet.http.HttpServletResponse,java.lang.Integer) throws java.io.IOException]
[21:00:34|INFO |(org.springframework.web.servlet.mvc.method.annotation.RequestMappingHandlerMapping)]=[Mapped "{[/api/shop/payment/check-support-cod]}" onto public com.enation.framework.action.JsonResult com.enation.app.shop.front.api.order.PaymentApiController.checkSupportCod(int)]
[21:00:34|INFO |(org.springframework.web.servlet.mvc.method.annotation.RequestMappingHandlerMapping)]=[Mapped "{[/api/shop/payment/get-pay-status-for-wechat]}" onto public com.enation.framework.action.JsonResult com.enation.app.shop.front.api.order.PaymentApiController.getPayStatusForWechat(java.lang.Integer,java.lang.String)]
[21:00:34|INFO |(org.springframework.web.servlet.mvc.method.annotation.RequestMappingHandlerMapping)]=[Mapped "{[/api/shop/*payment-callback/execute]}" onto public java.lang.String com.enation.app.shop.front.api.order.PaymentCallbackApiController.execute()]
[21:00:34|INFO |(org.springframework.web.servlet.mvc.method.annotation.RequestMappingHandlerMapping)]=[Mapped "{[/api/shop/*refund-callback/execute]}" onto public java.lang.String com.enation.app.shop.front.api.order.RefundCallbackApiController.execute()]
[21:00:34|INFO |(org.springframework.web.servlet.mvc.method.annotation.RequestMappingHandlerMapping)]=[Mapped "{[/api/shop/sell-back/return-goods],produces=[application/json]}" onto public com.enation.framework.action.JsonResult com.enation.app.shop.front.api.order.SellBackApiController.apply(java.lang.Integer[],java.lang.Integer[],java.lang.Integer[],java.lang.Integer[],java.lang.Double[],java.lang.Integer[],com.enation.app.shop.core.order.model.SellBack)]
[21:00:34|INFO |(org.springframework.web.servlet.mvc.method.annotation.RequestMappingHandlerMapping)]=[Mapped "{[/api/shop/sell-back/return-money],produces=[application/json]}" onto public com.enation.framework.action.JsonResult com.enation.app.shop.front.api.order.SellBackApiController.addRefund(com.enation.app.shop.core.order.model.SellBack)]
[21:00:34|INFO |(org.springframework.web.servlet.mvc.method.annotation.RequestMappingHandlerMapping)]=[Mapped "{[/cms/admin/cat/add]}" onto public org.springframework.web.servlet.ModelAndView com.enation.app.cms.core.action.DataCatController.add()]
[21:00:34|INFO |(org.springframework.web.servlet.mvc.method.annotation.RequestMappingHandlerMapping)]=[Mapped "{[/cms/admin/cat/delete]}" onto public com.enation.framework.action.JsonResult com.enation.app.cms.core.action.DataCatController.delete(int)]
[21:00:34|INFO |(org.springframework.web.servlet.mvc.method.annotation.RequestMappingHandlerMapping)]=[Mapped "{[/cms/admin/cat/list]}" onto public java.lang.String com.enation.app.cms.core.action.DataCatController.list()]
[21:00:34|INFO |(org.springframework.web.servlet.mvc.method.annotation.RequestMappingHandlerMapping)]=[Mapped "{[/cms/admin/cat/save-sort]}" onto public com.enation.framework.action.JsonResult com.enation.app.cms.core.action.DataCatController.saveSort(int[],int[])]
[21:00:34|INFO |(org.springframework.web.servlet.mvc.method.annotation.RequestMappingHandlerMapping)]=[Mapped "{[/cms/admin/cat/show-cat-tree]}" onto public java.lang.String com.enation.app.cms.core.action.DataCatController.showCatTree(java.lang.Integer)]
[21:00:34|INFO |(org.springframework.web.servlet.mvc.method.annotation.RequestMappingHandlerMapping)]=[Mapped "{[/cms/admin/cat/list-json-help]}" onto public java.lang.String com.enation.app.cms.core.action.DataCatController.listJsonHelp()]
[21:00:34|INFO |(org.springframework.web.servlet.mvc.method.annotation.RequestMappingHandlerMapping)]=[Mapped "{[/cms/admin/cat/check-repeat]}" onto public java.lang.Integer com.enation.app.cms.core.action.DataCatController.checkRepeat(java.lang.String)]
[21:00:34|INFO |(org.springframework.web.servlet.mvc.method.annotation.RequestMappingHandlerMapping)]=[Mapped "{[/cms/admin/cat/list-json]}" onto public java.lang.String com.enation.app.cms.core.action.DataCatController.listJson()]
[21:00:34|INFO |(org.springframework.web.servlet.mvc.method.annotation.RequestMappingHandlerMapping)]=[Mapped "{[/cms/admin/cat/edit]}" onto public org.springframework.web.servlet.ModelAndView com.enation.app.cms.core.action.DataCatController.edit(int)]
[21:00:34|INFO |(org.springframework.web.servlet.mvc.method.annotation.RequestMappingHandlerMapping)]=[Mapped "{[/cms/admin/cat/save-add]}" onto public com.enation.framework.action.JsonResult com.enation.app.cms.core.action.DataCatController.saveAdd(com.enation.app.cms.core.model.DataCat)]
[21:00:34|INFO |(org.springframework.web.servlet.mvc.method.annotation.RequestMappingHandlerMapping)]=[Mapped "{[/cms/admin/cat/save-edit]}" onto public com.enation.framework.action.JsonResult com.enation.app.cms.core.action.DataCatController.saveEdit(com.enation.app.cms.core.model.DataCat)]
[21:00:34|INFO |(org.springframework.web.servlet.mvc.method.annotation.RequestMappingHandlerMapping)]=[Mapped "{[/cms/admin/data/add]}" onto public org.springframework.web.servlet.ModelAndView com.enation.app.cms.core.action.DataController.add(java.lang.Integer)]
[21:00:34|INFO |(org.springframework.web.servlet.mvc.method.annotation.RequestMappingHandlerMapping)]=[Mapped "{[/cms/admin/data/delete]}" onto public com.enation.framework.action.JsonResult com.enation.app.cms.core.action.DataController.delete(java.lang.Integer,java.lang.Integer)]
[21:00:34|INFO |(org.springframework.web.servlet.mvc.method.annotation.RequestMappingHandlerMapping)]=[Mapped "{[/cms/admin/data/list]}" onto public org.springframework.web.servlet.ModelAndView com.enation.app.cms.core.action.DataController.list(java.lang.Integer)]
[21:00:34|INFO |(org.springframework.web.servlet.mvc.method.annotation.RequestMappingHandlerMapping)]=[Mapped "{[/cms/admin/data/help-list]}" onto public java.lang.String com.enation.app.cms.core.action.DataController.helplist()]
[21:00:34|INFO |(org.springframework.web.servlet.mvc.method.annotation.RequestMappingHandlerMapping)]=[Mapped "{[/cms/admin/data/help-edit]}" onto public org.springframework.web.servlet.ModelAndView com.enation.app.cms.core.action.DataController.helpEdit()]
[21:00:34|INFO |(org.springframework.web.servlet.mvc.method.annotation.RequestMappingHandlerMapping)]=[Mapped "{[/cms/admin/data/manage-cat]}" onto public org.springframework.web.servlet.ModelAndView com.enation.app.cms.core.action.DataController.manageCat()]
[21:00:34|INFO |(org.springframework.web.servlet.mvc.method.annotation.RequestMappingHandlerMapping)]=[Mapped "{[/cms/admin/data/list-json]}" onto public com.enation.framework.action.GridJsonResult com.enation.app.cms.core.action.DataController.listJson(java.lang.String,java.lang.String,java.lang.Integer)]
[21:00:34|INFO |(org.springframework.web.servlet.mvc.method.annotation.RequestMappingHandlerMapping)]=[Mapped "{[/cms/admin/data/edit]}" onto public org.springframework.web.servlet.ModelAndView com.enation.app.cms.core.action.DataController.edit(java.lang.Integer,java.lang.Integer)]
[21:00:34|INFO |(org.springframework.web.servlet.mvc.method.annotation.RequestMappingHandlerMapping)]=[Mapped "{[/cms/admin/data/save-add]}" onto public com.enation.framework.action.JsonResult com.enation.app.cms.core.action.DataController.saveAdd(java.lang.Integer,java.lang.Integer)]
[21:00:34|INFO |(org.springframework.web.servlet.mvc.method.annotation.RequestMappingHandlerMapping)]=[Mapped "{[/cms/admin/data/save-edit]}" onto public com.enation.framework.action.JsonResult com.enation.app.cms.core.action.DataController.saveEdit(java.lang.Integer,java.lang.Integer,java.lang.Integer)]
[21:00:34|INFO |(org.springframework.web.servlet.mvc.method.annotation.RequestMappingHandlerMapping)]=[Mapped "{[/cms/admin/data/update-sort]}" onto public com.enation.framework.action.JsonResult com.enation.app.cms.core.action.DataController.updateSort(java.lang.Integer[],java.lang.Integer[],java.lang.Integer)]
[21:00:34|INFO |(org.springframework.web.servlet.mvc.method.annotation.RequestMappingHandlerMapping)]=[Mapped "{[/cms/admin/field/add]}" onto public org.springframework.web.servlet.ModelAndView com.enation.app.cms.core.action.DataFieldController.add(java.lang.Integer)]
[21:00:34|INFO |(org.springframework.web.servlet.mvc.method.annotation.RequestMappingHandlerMapping)]=[Mapped "{[/cms/admin/field/delete]}" onto public com.enation.framework.action.JsonResult com.enation.app.cms.core.action.DataFieldController.delete(java.lang.Integer)]
[21:00:34|INFO |(org.springframework.web.servlet.mvc.method.annotation.RequestMappingHandlerMapping)]=[Mapped "{[/cms/admin/field/save-sort]}" onto public java.lang.String com.enation.app.cms.core.action.DataFieldController.saveSort(java.lang.Integer[],java.lang.Integer[])]
[21:00:34|INFO |(org.springframework.web.servlet.mvc.method.annotation.RequestMappingHandlerMapping)]=[Mapped "{[/cms/admin/field/edit]}" onto public org.springframework.web.servlet.ModelAndView com.enation.app.cms.core.action.DataFieldController.edit(java.lang.Integer,java.lang.Integer)]
[21:00:34|INFO |(org.springframework.web.servlet.mvc.method.annotation.RequestMappingHandlerMapping)]=[Mapped "{[/cms/admin/field/save-add]}" onto public com.enation.framework.action.JsonResult com.enation.app.cms.core.action.DataFieldController.saveAdd(com.enation.app.cms.core.model.DataField)]
[21:00:34|INFO |(org.springframework.web.servlet.mvc.method.annotation.RequestMappingHandlerMapping)]=[Mapped "{[/cms/admin/field/save-edit]}" onto public com.enation.framework.action.JsonResult com.enation.app.cms.core.action.DataFieldController.saveEdit(com.enation.app.cms.core.model.DataField)]
[21:00:34|INFO |(org.springframework.web.servlet.mvc.method.annotation.RequestMappingHandlerMapping)]=[Mapped "{[/cms/admin/model/add]}" onto public java.lang.String com.enation.app.cms.core.action.DataModelController.add()]
[21:00:34|INFO |(org.springframework.web.servlet.mvc.method.annotation.RequestMappingHandlerMapping)]=[Mapped "{[/cms/admin/model/check]}" onto public com.enation.framework.action.JsonResult com.enation.app.cms.core.action.DataModelController.check(java.lang.Integer)]
[21:00:34|INFO |(org.springframework.web.servlet.mvc.method.annotation.RequestMappingHandlerMapping)]=[Mapped "{[/cms/admin/model/list]}" onto public java.lang.String com.enation.app.cms.core.action.DataModelController.list()]
[21:00:34|INFO |(org.springframework.web.servlet.mvc.method.annotation.RequestMappingHandlerMapping)]=[Mapped "{[/cms/admin/model/file-list-json]}" onto public com.enation.framework.action.GridJsonResult com.enation.app.cms.core.action.DataModelController.fileListJson(java.lang.Integer)]
[21:00:34|INFO |(org.springframework.web.servlet.mvc.method.annotation.RequestMappingHandlerMapping)]=[Mapped "{[/cms/admin/model/list-json]}" onto public com.enation.framework.action.GridJsonResult com.enation.app.cms.core.action.DataModelController.listJson()]
[21:00:34|INFO |(org.springframework.web.servlet.mvc.method.annotation.RequestMappingHandlerMapping)]=[Mapped "{[/cms/admin/model/edit]}" onto public org.springframework.web.servlet.ModelAndView com.enation.app.cms.core.action.DataModelController.edit(java.lang.Integer)]
[21:00:34|INFO |(org.springframework.web.servlet.mvc.method.annotation.RequestMappingHandlerMapping)]=[Mapped "{[/cms/admin/model/save-add]}" onto public com.enation.framework.action.JsonResult com.enation.app.cms.core.action.DataModelController.saveAdd(com.enation.app.cms.core.model.DataModel)]
[21:00:34|INFO |(org.springframework.web.servlet.mvc.method.annotation.RequestMappingHandlerMapping)]=[Mapped "{[/cms/admin/model/save-edit]}" onto public com.enation.framework.action.JsonResult com.enation.app.cms.core.action.DataModelController.saveEdit(com.enation.app.cms.core.model.DataModel)]
[21:00:34|INFO |(org.springframework.web.servlet.mvc.method.annotation.RequestMappingHandlerMapping)]=[Mapped "{[/api/shop/weixin/config-script]}" onto public java.lang.Object com.enation.app.shop.front.payment.weixin.action.WeixinApiController.configScript(java.lang.String)]
[21:00:34|INFO |(org.springframework.web.servlet.mvc.method.annotation.RequestMappingHandlerMapping)]=[Mapped "{[/api/shop/weixin/get-open-id]}" onto public java.lang.String com.enation.app.shop.front.payment.weixin.action.WeixinApiController.getOpenId(java.lang.String)]
[21:00:35|INFO |(org.springframework.web.servlet.mvc.method.annotation.RequestMappingHandlerAdapter)]=[Looking for @ControllerAdvice: org.springframework.web.context.support.GenericWebApplicationContext@166fa74d: startup date [Sat Apr 21 21:00:28 CST 2018]; root of context hierarchy]
[21:00:35|INFO |(org.springframework.web.servlet.mvc.method.annotation.RequestMappingHandlerAdapter)]=[Detected ResponseBodyAdvice bean in jsonpAdvice]
[21:00:35|INFO |(org.springframework.web.servlet.mvc.method.annotation.RequestMappingHandlerAdapter)]=[Looking for @ControllerAdvice: org.springframework.web.context.support.GenericWebApplicationContext@166fa74d: startup date [Sat Apr 21 21:00:28 CST 2018]; root of context hierarchy]
[21:00:35|INFO |(org.springframework.web.servlet.mvc.method.annotation.RequestMappingHandlerAdapter)]=[Detected ResponseBodyAdvice bean in jsonpAdvice]
[21:00:35|INFO |(org.springframework.web.servlet.mvc.method.annotation.ExceptionHandlerExceptionResolver)]=[Detected @ExceptionHandler methods in eopValidateHandler]
[21:00:35|INFO |(org.springframework.web.servlet.mvc.method.annotation.ExceptionHandlerExceptionResolver)]=[Detected ResponseBodyAdvice implementation in jsonpAdvice]
[21:00:35|INFO |(org.quartz.impl.StdSchedulerFactory)]=[Using default implementation for ThreadExecutor]
[21:00:35|INFO |(org.quartz.core.SchedulerSignalerImpl)]=[Initialized Scheduler Signaller of type: class org.quartz.core.SchedulerSignalerImpl]
[21:00:35|INFO |(org.quartz.core.QuartzScheduler)]=[Quartz Scheduler v.2.2.3 created.]
[21:00:35|INFO |(org.quartz.simpl.RAMJobStore)]=[RAMJobStore initialized.]
[21:00:35|INFO |(org.quartz.core.QuartzScheduler)]=[Scheduler meta-data: Quartz Scheduler (v2.2.3) 'startQuertz' with instanceId 'NON_CLUSTERED'
  Scheduler class: 'org.quartz.core.QuartzScheduler' - running locally.
  NOT STARTED.
  Currently in standby mode.
  Number of jobs executed: 0
  Using thread pool 'org.quartz.simpl.SimpleThreadPool' - with 10 threads.
  Using job-store 'org.quartz.simpl.RAMJobStore' - which does not support persistence. and is not clustered.
]
[21:00:35|INFO |(org.quartz.impl.StdSchedulerFactory)]=[Quartz scheduler 'startQuertz' initialized from an externally provided properties instance.]
[21:00:35|INFO |(org.quartz.impl.StdSchedulerFactory)]=[Quartz scheduler version: 2.2.3]
[21:00:35|INFO |(org.quartz.core.QuartzScheduler)]=[JobFactory set to: org.springframework.scheduling.quartz.AdaptableJobFactory@50b78155]
[21:00:35|INFO |(org.springframework.context.support.DefaultLifecycleProcessor)]=[Starting beans in phase 2147483647]
[21:00:35|INFO |(org.apache.activemq.broker.TransportConnector)]=[Connector vm://localhost Started]
[21:00:35|INFO |(org.springframework.scheduling.quartz.SchedulerFactoryBean)]=[Starting Quartz Scheduler now]
[21:00:35|INFO |(org.quartz.core.QuartzScheduler)]=[Scheduler startQuertz_$_NON_CLUSTERED started.]
[21:00:35|INFO |(com.mchange.v2.c3p0.impl.AbstractPoolBackedDataSource)]=[Initializing c3p0 pool... com.mchange.v2.c3p0.ComboPooledDataSource [ acquireIncrement -> 2, acquireRetryAttempts -> 30, acquireRetryDelay -> 1000, autoCommitOnClose -> false, automaticTestTable -> null, breakAfterAcquireFailure -> true, checkoutTimeout -> 0, connectionCustomizerClassName -> null, connectionTesterClassName -> com.mchange.v2.c3p0.impl.DefaultConnectionTester, dataSourceName -> 1hgeby99u1sgaolqvqbqno|44b9c7c4, debugUnreturnedConnectionStackTraces -> false, description -> null, driverClass -> com.mysql.jdbc.Driver, factoryClassLocation -> null, forceIgnoreUnresolvedTransactions -> false, identityToken -> 1hgeby99u1sgaolqvqbqno|44b9c7c4, idleConnectionTestPeriod -> 60, initialPoolSize -> 50, jdbcUrl -> jdbc:mysql://localhost:3306/b2c?useUnicode=true&characterEncoding=utf8&autoReconnect=true, maxAdministrativeTaskTime -> 0, maxConnectionAge -> 0, maxIdleTime -> 1800, maxIdleTimeExcessConnections -> 0, maxPoolSize -> 400, maxStatements -> 0, maxStatementsPerConnection -> 0, minPoolSize -> 50, numHelperThreads -> 3, numThreadsAwaitingCheckoutDefaultUser -> 0, preferredTestQuery -> null, properties -> {user=******, password=******}, propertyCycle -> 0, testConnectionOnCheckin -> false, testConnectionOnCheckout -> true, unreturnedConnectionTimeout -> 0, usesTraditionalReflectiveProxies -> false ]]
[21:00:35|INFO |(org.springframework.test.context.transaction.TransactionContext)]=[Began transaction (1) for test context [DefaultTestContext@2ef3efcc testClass = AInstallTest, testInstance = com.enation.app.base.test.AInstallTest@60655642, testMethod = test@AInstallTest, testException = [null], mergedContextConfiguration = [WebMergedContextConfiguration@48b744fd testClass = AInstallTest, locations = '{classpath*:spring_cfg/*.xml}', classes = '{}', contextInitializerClasses = '[]', activeProfiles = '{}', propertySourceLocations = '{}', propertySourceProperties = '{}', resourceBasePath = 'src/main/webapp', contextLoader = 'org.springframework.test.context.web.WebDelegatingSmartContextLoader', parent = [null]]]; transaction manager [org.springframework.jdbc.datasource.DataSourceTransactionManager@379df603]; rollback [false]]
[21:00:35|INFO |(org.springframework.mock.web.MockServletContext)]=[: init]
[21:00:35|INFO |(org.springframework.mock.web.MockServletContext)]=[Initializing Spring FrameworkServlet '']
[21:00:35|INFO |(org.springframework.test.web.servlet.TestDispatcherServlet)]=[FrameworkServlet '': initialization started]
[21:00:35|INFO |(org.springframework.test.web.servlet.TestDispatcherServlet)]=[FrameworkServlet '': initialization completed in 27 ms]
[21:00:35|INFO |(org.springframework.test.context.transaction.TransactionContext)]=[Committed transaction for test context [DefaultTestContext@2ef3efcc testClass = AInstallTest, testInstance = com.enation.app.base.test.AInstallTest@60655642, testMethod = test@AInstallTest, testException = java.lang.NoSuchMethodError: javax.servlet.http.HttpServletResponse.setCharacterEncoding(Ljava/lang/String;)V, mergedContextConfiguration = [WebMergedContextConfiguration@48b744fd testClass = AInstallTest, locations = '{classpath*:spring_cfg/*.xml}', classes = '{}', contextInitializerClasses = '[]', activeProfiles = '{}', propertySourceLocations = '{}', propertySourceProperties = '{}', resourceBasePath = 'src/main/webapp', contextLoader = 'org.springframework.test.context.web.WebDelegatingSmartContextLoader', parent = [null]]].]
]]></system-out>
  </testcase>
</testsuite>