<?xml version="1.0" encoding="UTF-8"?>
<testsuite xmlns:xsi="http://www.w3.org/2001/XMLSchema-instance" xsi:schemaLocation="https://maven.apache.org/surefire/maven-surefire-plugin/xsd/surefire-test-report.xsd" name="com.enation.app.shop.test.OrderFlowTest" time="0.001" tests="2" errors="2" skipped="0" failures="0">
  <properties>
[...]
</properties>
  <testcase name="testNotLogin" classname="com.enation.app.shop.test.OrderFlowTest" time="0.001">
    <error message="javax.servlet.http.HttpServletResponse.setCharacterEncoding(Ljava/lang/String;)V" type="java.lang.NoSuchMethodError">java.lang.NoSuchMethodError: javax.servlet.http.HttpServletResponse.setCharacterEncoding(Ljava/lang/String;)V
</error>
    <system-out><![CDATA[[21:00:36|INFO |(org.springframework.test.context.web.WebTestContextBootstrapper)]=[Loaded default TestExecutionListener class names from location [META-INF/spring.factories]: [org.springframework.test.context.web.ServletTestExecutionListener, org.springframework.test.context.support.DirtiesContextBeforeModesTestExecutionListener, org.springframework.test.context.support.DependencyInjectionTestExecutionListener, org.springframework.test.context.support.DirtiesContextTestExecutionListener, org.springframework.test.context.transaction.TransactionalTestExecutionListener, org.springframework.test.context.jdbc.SqlScriptsTestExecutionListener]]
[21:00:36|INFO |(org.springframework.test.context.web.WebTestContextBootstrapper)]=[Using TestExecutionListeners: [org.springframework.test.context.web.ServletTestExecutionListener@1ec98548, org.springframework.test.context.support.DirtiesContextBeforeModesTestExecutionListener@14927cd4, org.springframework.test.context.support.DependencyInjectionTestExecutionListener@5a106b26, org.springframework.test.context.support.DirtiesContextTestExecutionListener@445d878c, org.springframework.test.context.transaction.TransactionalTestExecutionListener@16eca98a, org.springframework.test.context.jdbc.SqlScriptsTestExecutionListener@119f035f]]
[21:00:36|INFO |(org.springframework.test.context.transaction.TransactionContext)]=[Began transaction (1) for test context [DefaultTestContext@60c68c7b testClass = OrderFlowTest, testInstance = com.enation.app.shop.test.OrderFlowTest@1315d910, testMethod = testNotLogin@OrderFlowTest, testException = [null], mergedContextConfiguration = [WebMergedContextConfiguration@480f1311 testClass = OrderFlowTest, locations = '{classpath*:spring_cfg/*.xml}', classes = '{}', contextInitializerClasses = '[]', activeProfiles = '{}', propertySourceLocations = '{}', propertySourceProperties = '{}', resourceBasePath = 'src/main/webapp', contextLoader = 'org.springframework.test.context.web.WebDelegatingSmartContextLoader', parent = [null]]]; transaction manager [org.springframework.jdbc.datasource.DataSourceTransactionManager@379df603]; rollback [true]]
[21:00:36|INFO |(org.springframework.mock.web.MockServletContext)]=[: init]
[21:00:36|INFO |(org.springframework.mock.web.MockServletContext)]=[Initializing Spring FrameworkServlet '']
[21:00:36|INFO |(org.springframework.test.web.servlet.TestDispatcherServlet)]=[FrameworkServlet '': initialization started]
[21:00:36|INFO |(org.springframework.test.web.servlet.TestDispatcherServlet)]=[FrameworkServlet '': initialization completed in 4 ms]
[21:00:36|INFO |(org.springframework.test.context.transaction.TransactionContext)]=[Rolled back transaction for test context [DefaultTestContext@60c68c7b testClass = OrderFlowTest, testInstance = com.enation.app.shop.test.OrderFlowTest@1315d910, testMethod = testNotLogin@OrderFlowTest, testException = java.lang.NoSuchMethodError: javax.servlet.http.HttpServletResponse.setCharacterEncoding(Ljava/lang/String;)V, mergedContextConfiguration = [WebMergedContextConfiguration@480f1311 testClass = OrderFlowTest, locations = '{classpath*:spring_cfg/*.xml}', classes = '{}', contextInitializerClasses = '[]', activeProfiles = '{}', propertySourceLocations = '{}', propertySourceProperties = '{}', resourceBasePath = 'src/main/webapp', contextLoader = 'org.springframework.test.context.web.WebDelegatingSmartContextLoader', parent = [null]]].]
]]></system-out>
  </testcase>
  <testcase name="testBase" classname="com.enation.app.shop.test.OrderFlowTest" time="0">
    <error message="javax.servlet.http.HttpServletResponse.setCharacterEncoding(Ljava/lang/String;)V" type="java.lang.NoSuchMethodError">java.lang.NoSuchMethodError: javax.servlet.http.HttpServletResponse.setCharacterEncoding(Ljava/lang/String;)V
</error>
    <system-out><![CDATA[[21:00:36|INFO |(org.springframework.test.context.transaction.TransactionContext)]=[Began transaction (1) for test context [DefaultTestContext@60c68c7b testClass = OrderFlowTest, testInstance = com.enation.app.shop.test.OrderFlowTest@16422f27, testMethod = testBase@OrderFlowTest, testException = [null], mergedContextConfiguration = [WebMergedContextConfiguration@480f1311 testClass = OrderFlowTest, locations = '{classpath*:spring_cfg/*.xml}', classes = '{}', contextInitializerClasses = '[]', activeProfiles = '{}', propertySourceLocations = '{}', propertySourceProperties = '{}', resourceBasePath = 'src/main/webapp', contextLoader = 'org.springframework.test.context.web.WebDelegatingSmartContextLoader', parent = [null]]]; transaction manager [org.springframework.jdbc.datasource.DataSourceTransactionManager@379df603]; rollback [true]]
[21:00:36|INFO |(org.springframework.mock.web.MockServletContext)]=[: init]
[21:00:36|INFO |(org.springframework.mock.web.MockServletContext)]=[Initializing Spring FrameworkServlet '']
[21:00:36|INFO |(org.springframework.test.web.servlet.TestDispatcherServlet)]=[FrameworkServlet '': initialization started]
[21:00:36|INFO |(org.springframework.test.web.servlet.TestDispatcherServlet)]=[FrameworkServlet '': initialization completed in 4 ms]
[21:00:36|INFO |(org.springframework.test.context.transaction.TransactionContext)]=[Rolled back transaction for test context [DefaultTestContext@60c68c7b testClass = OrderFlowTest, testInstance = com.enation.app.shop.test.OrderFlowTest@16422f27, testMethod = testBase@OrderFlowTest, testException = java.lang.NoSuchMethodError: javax.servlet.http.HttpServletResponse.setCharacterEncoding(Ljava/lang/String;)V, mergedContextConfiguration = [WebMergedContextConfiguration@480f1311 testClass = OrderFlowTest, locations = '{classpath*:spring_cfg/*.xml}', classes = '{}', contextInitializerClasses = '[]', activeProfiles = '{}', propertySourceLocations = '{}', propertySourceProperties = '{}', resourceBasePath = 'src/main/webapp', contextLoader = 'org.springframework.test.context.web.WebDelegatingSmartContextLoader', parent = [null]]].]
]]></system-out>
  </testcase>
</testsuite>